{"D:\\大四\\movies-api-CA2\\movies-api-cicd\\api\\users\\userModel.js":{"path":"D:\\大四\\movies-api-CA2\\movies-api-cicd\\api\\users\\userModel.js","statementMap":{"0":{"start":{"line":3,"column":29},"end":{"line":3,"column":84}},"1":{"start":{"line":4,"column":0},"end":{"line":6,"column":3}},"2":{"start":{"line":7,"column":0},"end":{"line":7,"column":28}},"3":{"start":{"line":8,"column":16},"end":{"line":8,"column":59}},"4":{"start":{"line":9,"column":20},"end":{"line":9,"column":68}},"5":{"start":{"line":10,"column":13},"end":{"line":10,"column":40}},"6":{"start":{"line":11,"column":23},"end":{"line":14,"column":1}},"7":{"start":{"line":12,"column":11},"end":{"line":12,"column":51}},"8":{"start":{"line":13,"column":2},"end":{"line":13,"column":27}},"9":{"start":{"line":15,"column":17},"end":{"line":30,"column":2}},"10":{"start":{"line":31,"column":0},"end":{"line":49,"column":3}},"11":{"start":{"line":32,"column":13},"end":{"line":32,"column":17}},"12":{"start":{"line":33,"column":2},"end":{"line":48,"column":3}},"13":{"start":{"line":34,"column":4},"end":{"line":45,"column":7}},"14":{"start":{"line":35,"column":6},"end":{"line":37,"column":7}},"15":{"start":{"line":36,"column":8},"end":{"line":36,"column":25}},"16":{"start":{"line":38,"column":6},"end":{"line":44,"column":9}},"17":{"start":{"line":39,"column":8},"end":{"line":41,"column":9}},"18":{"start":{"line":40,"column":10},"end":{"line":40,"column":27}},"19":{"start":{"line":42,"column":8},"end":{"line":42,"column":29}},"20":{"start":{"line":43,"column":8},"end":{"line":43,"column":15}},"21":{"start":{"line":47,"column":4},"end":{"line":47,"column":18}},"22":{"start":{"line":50,"column":0},"end":{"line":54,"column":2}},"23":{"start":{"line":51,"column":2},"end":{"line":53,"column":5}},"24":{"start":{"line":55,"column":0},"end":{"line":62,"column":2}},"25":{"start":{"line":56,"column":2},"end":{"line":61,"column":5}},"26":{"start":{"line":57,"column":4},"end":{"line":59,"column":5}},"27":{"start":{"line":58,"column":6},"end":{"line":58,"column":27}},"28":{"start":{"line":60,"column":4},"end":{"line":60,"column":28}},"29":{"start":{"line":63,"column":15},"end":{"line":63,"column":82}}},"fnMap":{"0":{"name":"validatePassword","decl":{"start":{"line":11,"column":32},"end":{"line":11,"column":48}},"loc":{"start":{"line":11,"column":59},"end":{"line":14,"column":1}},"line":11},"1":{"name":"(anonymous_1)","decl":{"start":{"line":31,"column":23},"end":{"line":31,"column":24}},"loc":{"start":{"line":31,"column":39},"end":{"line":49,"column":1}},"line":31},"2":{"name":"(anonymous_2)","decl":{"start":{"line":34,"column":41},"end":{"line":34,"column":42}},"loc":{"start":{"line":34,"column":62},"end":{"line":45,"column":5}},"line":34},"3":{"name":"(anonymous_3)","decl":{"start":{"line":38,"column":63},"end":{"line":38,"column":64}},"loc":{"start":{"line":38,"column":84},"end":{"line":44,"column":7}},"line":38},"4":{"name":"(anonymous_4)","decl":{"start":{"line":50,"column":36},"end":{"line":50,"column":37}},"loc":{"start":{"line":50,"column":56},"end":{"line":54,"column":1}},"line":50},"5":{"name":"(anonymous_5)","decl":{"start":{"line":55,"column":37},"end":{"line":55,"column":38}},"loc":{"start":{"line":55,"column":64},"end":{"line":62,"column":1}},"line":55},"6":{"name":"(anonymous_6)","decl":{"start":{"line":56,"column":57},"end":{"line":56,"column":58}},"loc":{"start":{"line":56,"column":81},"end":{"line":61,"column":3}},"line":56}},"branchMap":{"0":{"loc":{"start":{"line":33,"column":2},"end":{"line":48,"column":3}},"type":"if","locations":[{"start":{"line":33,"column":2},"end":{"line":48,"column":3}},{"start":{"line":33,"column":2},"end":{"line":48,"column":3}}],"line":33},"1":{"loc":{"start":{"line":33,"column":6},"end":{"line":33,"column":47}},"type":"binary-expr","locations":[{"start":{"line":33,"column":6},"end":{"line":33,"column":33}},{"start":{"line":33,"column":37},"end":{"line":33,"column":47}}],"line":33},"2":{"loc":{"start":{"line":35,"column":6},"end":{"line":37,"column":7}},"type":"if","locations":[{"start":{"line":35,"column":6},"end":{"line":37,"column":7}},{"start":{"line":35,"column":6},"end":{"line":37,"column":7}}],"line":35},"3":{"loc":{"start":{"line":39,"column":8},"end":{"line":41,"column":9}},"type":"if","locations":[{"start":{"line":39,"column":8},"end":{"line":41,"column":9}},{"start":{"line":39,"column":8},"end":{"line":41,"column":9}}],"line":39},"4":{"loc":{"start":{"line":57,"column":4},"end":{"line":59,"column":5}},"type":"if","locations":[{"start":{"line":57,"column":4},"end":{"line":59,"column":5}},{"start":{"line":57,"column":4},"end":{"line":59,"column":5}}],"line":57}},"s":{"0":1,"1":1,"2":1,"3":1,"4":1,"5":1,"6":1,"7":22,"8":22,"9":1,"10":1,"11":22,"12":22,"13":22,"14":22,"15":0,"16":22,"17":22,"18":0,"19":22,"20":22,"21":0,"22":1,"23":1,"24":1,"25":0,"26":0,"27":0,"28":0,"29":1},"f":{"0":22,"1":22,"2":22,"3":22,"4":1,"5":0,"6":0},"b":{"0":[22,0],"1":[22,0],"2":[0,22],"3":[0,22],"4":[0,0]},"inputSourceMap":{"version":3,"names":["_mongoose","_interopRequireDefault","require","_bcryptNodejs","Schema","mongoose","validatePassword","password","re","test","UserSchema","username","type","String","unique","required","validate","favourites","Types","ObjectId","ref","pre","next","user","isModified","isNew","bcrypt","genSalt","err","salt","hash","statics","findByUserName","findOne","methods","comparePassword","passw","callback","compare","isMatch","_default","exports","model"],"sourceRoot":"D:\\大四\\movies-api-CA2\\movies-api-cicd\\api\\users\\","sources":["userModel.js"],"sourcesContent":["import mongoose from 'mongoose';\r\nimport bcrypt from 'bcrypt-nodejs';\r\n\r\nconst Schema = mongoose.Schema;\r\n\r\nvar validatePassword = function(password) {\r\n  const re = /^(?=.*[A-Za-z])(?=.*\\d)[A-Za-z\\d]{5,}$/;\r\n  return re.test(password)\r\n};\r\nconst UserSchema = new Schema({\r\n  username: { type: String, unique: true, required: true},\r\n  password: {type: String, required: true , validate: [validatePassword] },\r\n  favourites: [{type: mongoose.Schema.Types.ObjectId, ref: 'Movies'}]\r\n});\r\n\r\nUserSchema.pre('save', function(next) {\r\n  const user = this;\r\n  if (this.isModified('password') || this.isNew) {\r\n      bcrypt.genSalt(10, (err, salt)=> {\r\n          if (err) {\r\n              return next(err);\r\n          }\r\n          bcrypt.hash(user.password, salt, null, (err, hash)=> {\r\n              if (err) {\r\n                  return next(err);\r\n              }\r\n              user.password = hash;\r\n              next();\r\n          });\r\n      });\r\n  } else {\r\n      return next();\r\n  }\r\n});\r\n\r\nUserSchema.statics.findByUserName = function (username) {\r\n  return this.findOne({ username: username });\r\n};\r\n\r\nUserSchema.methods.comparePassword = function (passw, callback) {\r\n  bcrypt.compare(passw, this.password, (err, isMatch) => {\r\n    if (err) {\r\n      return callback(err);\r\n    }\r\n    callback(null, isMatch);\r\n  });\r\n};\r\n\r\nexport default mongoose.model('User', UserSchema);\r\n"],"mappings":";;;;;;;AAAA,IAAAA,SAAA,GAAAC,sBAAA,CAAAC,OAAA;AACA,IAAAC,aAAA,GAAAF,sBAAA,CAAAC,OAAA;AAEA,IAAME,MAAM,GAAGC,oBAAQ,CAACD,MAAM;AAE9B,IAAIE,gBAAgB,GAAG,SAAnBA,gBAAgBA,CAAYC,QAAQ,EAAE;EACxC,IAAMC,EAAE,GAAG,wCAAwC;EACnD,OAAOA,EAAE,CAACC,IAAI,CAACF,QAAQ,CAAC;AAC1B,CAAC;AACD,IAAMG,UAAU,GAAG,IAAIN,MAAM,CAAC;EAC5BO,QAAQ,EAAE;IAAEC,IAAI,EAAEC,MAAM;IAAEC,MAAM,EAAE,IAAI;IAAEC,QAAQ,EAAE;EAAI,CAAC;EACvDR,QAAQ,EAAE;IAACK,IAAI,EAAEC,MAAM;IAAEE,QAAQ,EAAE,IAAI;IAAGC,QAAQ,EAAE,CAACV,gBAAgB;EAAE,CAAC;EACxEW,UAAU,EAAE,CAAC;IAACL,IAAI,EAAEP,oBAAQ,CAACD,MAAM,CAACc,KAAK,CAACC,QAAQ;IAAEC,GAAG,EAAE;EAAQ,CAAC;AACpE,CAAC,CAAC;AAEFV,UAAU,CAACW,GAAG,CAAC,MAAM,EAAE,UAASC,IAAI,EAAE;EACpC,IAAMC,IAAI,GAAG,IAAI;EACjB,IAAI,IAAI,CAACC,UAAU,CAAC,UAAU,CAAC,IAAI,IAAI,CAACC,KAAK,EAAE;IAC3CC,wBAAM,CAACC,OAAO,CAAC,EAAE,EAAE,UAACC,GAAG,EAAEC,IAAI,EAAI;MAC7B,IAAID,GAAG,EAAE;QACL,OAAON,IAAI,CAACM,GAAG,CAAC;MACpB;MACAF,wBAAM,CAACI,IAAI,CAACP,IAAI,CAAChB,QAAQ,EAAEsB,IAAI,EAAE,IAAI,EAAE,UAACD,GAAG,EAAEE,IAAI,EAAI;QACjD,IAAIF,GAAG,EAAE;UACL,OAAON,IAAI,CAACM,GAAG,CAAC;QACpB;QACAL,IAAI,CAAChB,QAAQ,GAAGuB,IAAI;QACpBR,IAAI,CAAC,CAAC;MACV,CAAC,CAAC;IACN,CAAC,CAAC;EACN,CAAC,MAAM;IACH,OAAOA,IAAI,CAAC,CAAC;EACjB;AACF,CAAC,CAAC;AAEFZ,UAAU,CAACqB,OAAO,CAACC,cAAc,GAAG,UAAUrB,QAAQ,EAAE;EACtD,OAAO,IAAI,CAACsB,OAAO,CAAC;IAAEtB,QAAQ,EAAEA;EAAS,CAAC,CAAC;AAC7C,CAAC;AAEDD,UAAU,CAACwB,OAAO,CAACC,eAAe,GAAG,UAAUC,KAAK,EAAEC,QAAQ,EAAE;EAC9DX,wBAAM,CAACY,OAAO,CAACF,KAAK,EAAE,IAAI,CAAC7B,QAAQ,EAAE,UAACqB,GAAG,EAAEW,OAAO,EAAK;IACrD,IAAIX,GAAG,EAAE;MACP,OAAOS,QAAQ,CAACT,GAAG,CAAC;IACtB;IACAS,QAAQ,CAAC,IAAI,EAAEE,OAAO,CAAC;EACzB,CAAC,CAAC;AACJ,CAAC;AAAC,IAAAC,QAAA,GAAAC,OAAA,cAEapC,oBAAQ,CAACqC,KAAK,CAAC,MAAM,EAAEhC,UAAU,CAAC"},"_coverageSchema":"1a1c01bbd47fc00a2c39e90264f33305004495a9","hash":"0127fa9396f5d8979b6829a2da4010ff49787082","contentHash":"baf8df79f0e17be76f5422507a10778cb8d61e280564c456aed6296694d8ea2f"},"D:\\大四\\movies-api-CA2\\movies-api-cicd\\seedData\\users.js":{"path":"D:\\大四\\movies-api-CA2\\movies-api-cicd\\seedData\\users.js","statementMap":{"0":{"start":{"line":3,"column":0},"end":{"line":5,"column":3}},"1":{"start":{"line":6,"column":0},"end":{"line":6,"column":28}},"2":{"start":{"line":7,"column":12},"end":{"line":13,"column":2}},"3":{"start":{"line":14,"column":15},"end":{"line":14,"column":41}}},"fnMap":{},"branchMap":{},"s":{"0":1,"1":1,"2":1,"3":1},"f":{},"b":{},"inputSourceMap":{"version":3,"names":["users","_default","exports"],"sourceRoot":"D:\\大四\\movies-api-CA2\\movies-api-cicd\\seedData\\","sources":["users.js"],"sourcesContent":["const  users = [\n    {\n        'username': 'user1',\n        'password': 'test1',\n    },\n    {\n        'username': 'user2',\n        'password': 'test2',\n    },\n];\nexport default users;"],"mappings":";;;;;;AAAA,IAAOA,KAAK,GAAG,CACX;EACI,UAAU,EAAE,OAAO;EACnB,UAAU,EAAE;AAChB,CAAC,EACD;EACI,UAAU,EAAE,OAAO;EACnB,UAAU,EAAE;AAChB,CAAC,CACJ;AAAC,IAAAC,QAAA,GAAAC,OAAA,cACaF,KAAK"},"_coverageSchema":"1a1c01bbd47fc00a2c39e90264f33305004495a9","hash":"454989b155ee88ebea393c782fadd80184e3cbd7","contentHash":"b3ab506403be1e88ac1b7d648555103ccdd394de8c9d07df81be951e4bb19f4c"},"D:\\大四\\movies-api-CA2\\movies-api-cicd\\index.js":{"path":"D:\\大四\\movies-api-CA2\\movies-api-cicd\\index.js","statementMap":{"0":{"start":{"line":3,"column":29},"end":{"line":3,"column":84}},"1":{"start":{"line":4,"column":14},"end":{"line":4,"column":55}},"2":{"start":{"line":5,"column":15},"end":{"line":5,"column":57}},"3":{"start":{"line":6,"column":14},"end":{"line":6,"column":61}},"4":{"start":{"line":7,"column":14},"end":{"line":7,"column":61}},"5":{"start":{"line":8,"column":0},"end":{"line":8,"column":16}},"6":{"start":{"line":9,"column":0},"end":{"line":9,"column":22}},"7":{"start":{"line":10,"column":13},"end":{"line":10,"column":59}},"8":{"start":{"line":11,"column":14},"end":{"line":11,"column":61}},"9":{"start":{"line":12,"column":20},"end":{"line":12,"column":69}},"10":{"start":{"line":15,"column":17},"end":{"line":23,"column":1}},"11":{"start":{"line":18,"column":2},"end":{"line":18,"column":44}},"12":{"start":{"line":19,"column":2},"end":{"line":21,"column":3}},"13":{"start":{"line":20,"column":4},"end":{"line":20,"column":57}},"14":{"start":{"line":22,"column":2},"end":{"line":22,"column":123}},"15":{"start":{"line":24,"column":0},"end":{"line":24,"column":28}},"16":{"start":{"line":25,"column":10},"end":{"line":25,"column":36}},"17":{"start":{"line":26,"column":11},"end":{"line":26,"column":27}},"18":{"start":{"line":27,"column":0},"end":{"line":27,"column":47}},"19":{"start":{"line":28,"column":0},"end":{"line":28,"column":36}},"20":{"start":{"line":30,"column":0},"end":{"line":30,"column":43}},"21":{"start":{"line":31,"column":0},"end":{"line":31,"column":43}},"22":{"start":{"line":32,"column":0},"end":{"line":32,"column":41}},"23":{"start":{"line":33,"column":0},"end":{"line":33,"column":43}},"24":{"start":{"line":34,"column":0},"end":{"line":34,"column":20}},"25":{"start":{"line":35,"column":13},"end":{"line":37,"column":2}},"26":{"start":{"line":36,"column":2},"end":{"line":36,"column":50}},"27":{"start":{"line":38,"column":0},"end":{"line":38,"column":24}}},"fnMap":{"0":{"name":"errHandler","decl":{"start":{"line":15,"column":26},"end":{"line":15,"column":36}},"loc":{"start":{"line":15,"column":58},"end":{"line":23,"column":1}},"line":15},"1":{"name":"(anonymous_1)","decl":{"start":{"line":35,"column":30},"end":{"line":35,"column":31}},"loc":{"start":{"line":35,"column":42},"end":{"line":37,"column":1}},"line":35}},"branchMap":{"0":{"loc":{"start":{"line":19,"column":2},"end":{"line":21,"column":3}},"type":"if","locations":[{"start":{"line":19,"column":2},"end":{"line":21,"column":3}},{"start":{"line":19,"column":2},"end":{"line":21,"column":3}}],"line":19}},"s":{"0":1,"1":1,"2":1,"3":1,"4":1,"5":1,"6":1,"7":1,"8":1,"9":1,"10":1,"11":0,"12":0,"13":0,"14":0,"15":1,"16":1,"17":1,"18":1,"19":1,"20":1,"21":1,"22":1,"23":1,"24":1,"25":1,"26":1,"27":1},"f":{"0":0,"1":1},"b":{"0":[0,0]},"inputSourceMap":{"version":3,"names":["_dotenv","_interopRequireDefault","require","_express","_movies","_genres","_users","_people","_authenticate","errHandler","err","req","res","next","console","error","stack","process","env","NODE_ENV","status","send","concat","dotenv","config","app","express","port","PORT","use","passport","initialize","json","moviesRouter","genresRouter","usersRouter","peopleRouter","server","listen","info","module","exports"],"sourceRoot":"D:\\大四\\movies-api-CA2\\movies-api-cicd\\","sources":["index.js"],"sourcesContent":["import dotenv from 'dotenv';\r\nimport express from 'express';\r\nimport moviesRouter from './api/movies';\r\nimport genresRouter from './api/genres'\r\nimport './db';\r\nimport './seedData'\r\nimport usersRouter from './api/users';\r\nimport peopleRouter from './api/people';\r\n// import authenticate from './authenticate';\r\nimport passport from './authenticate';\r\n\r\nconst errHandler = (err, req, res, next) => {\r\n  /* if the error in development then send stack trace to display whole error,\r\n  if it's in production then just send error message  */\r\n  console.error('Error caught:', err.stack);\r\n  if(process.env.NODE_ENV === 'production') {\r\n    return res.status(500).send(`Something went wrong!`);\r\n  }\r\n  res.status(500).send(`Hey!! You caught the error 👍👍. Here's the details: ${err.stack} `);\r\n};\r\n\r\ndotenv.config();\r\n\r\nconst app = express();\r\n\r\nconst port = process.env.PORT;\r\n\r\napp.use(passport.initialize());\r\napp.use(express.json());\r\n// app.use('/api/movies', passport.authenticate('jwt', {session: false}), moviesRouter);\r\napp.use('/api/movies', moviesRouter);\r\napp.use('/api/genres', genresRouter);\r\napp.use('/api/users', usersRouter);\r\napp.use('/api/people', peopleRouter);\r\napp.use(errHandler);\r\n\r\nlet server = app.listen(port, () => {\r\n  console.info(`Server running at ${port}`);\r\n});\r\n\r\nmodule.exports = server"],"mappings":";;;AAAA,IAAAA,OAAA,GAAAC,sBAAA,CAAAC,OAAA;AACA,IAAAC,QAAA,GAAAF,sBAAA,CAAAC,OAAA;AACA,IAAAE,OAAA,GAAAH,sBAAA,CAAAC,OAAA;AACA,IAAAG,OAAA,GAAAJ,sBAAA,CAAAC,OAAA;AACAA,OAAA;AACAA,OAAA;AACA,IAAAI,MAAA,GAAAL,sBAAA,CAAAC,OAAA;AACA,IAAAK,OAAA,GAAAN,sBAAA,CAAAC,OAAA;AAEA,IAAAM,aAAA,GAAAP,sBAAA,CAAAC,OAAA;AADA;;AAGA,IAAMO,UAAU,GAAG,SAAbA,UAAUA,CAAIC,GAAG,EAAEC,GAAG,EAAEC,GAAG,EAAEC,IAAI,EAAK;EAC1C;AACF;EACEC,OAAO,CAACC,KAAK,CAAC,eAAe,EAAEL,GAAG,CAACM,KAAK,CAAC;EACzC,IAAGC,OAAO,CAACC,GAAG,CAACC,QAAQ,KAAK,YAAY,EAAE;IACxC,OAAOP,GAAG,CAACQ,MAAM,CAAC,GAAG,CAAC,CAACC,IAAI,wBAAwB,CAAC;EACtD;EACAT,GAAG,CAACQ,MAAM,CAAC,GAAG,CAAC,CAACC,IAAI,6EAAAC,MAAA,CAAyDZ,GAAG,CAACM,KAAK,MAAG,CAAC;AAC5F,CAAC;AAEDO,kBAAM,CAACC,MAAM,CAAC,CAAC;AAEf,IAAMC,GAAG,GAAG,IAAAC,mBAAO,EAAC,CAAC;AAErB,IAAMC,IAAI,GAAGV,OAAO,CAACC,GAAG,CAACU,IAAI;AAE7BH,GAAG,CAACI,GAAG,CAACC,wBAAQ,CAACC,UAAU,CAAC,CAAC,CAAC;AAC9BN,GAAG,CAACI,GAAG,CAACH,mBAAO,CAACM,IAAI,CAAC,CAAC,CAAC;AACvB;AACAP,GAAG,CAACI,GAAG,CAAC,aAAa,EAAEI,kBAAY,CAAC;AACpCR,GAAG,CAACI,GAAG,CAAC,aAAa,EAAEK,kBAAY,CAAC;AACpCT,GAAG,CAACI,GAAG,CAAC,YAAY,EAAEM,iBAAW,CAAC;AAClCV,GAAG,CAACI,GAAG,CAAC,aAAa,EAAEO,kBAAY,CAAC;AACpCX,GAAG,CAACI,GAAG,CAACpB,UAAU,CAAC;AAEnB,IAAI4B,MAAM,GAAGZ,GAAG,CAACa,MAAM,CAACX,IAAI,EAAE,YAAM;EAClCb,OAAO,CAACyB,IAAI,sBAAAjB,MAAA,CAAsBK,IAAI,CAAE,CAAC;AAC3C,CAAC,CAAC;AAEFa,MAAM,CAACC,OAAO,GAAGJ,MAAM"},"_coverageSchema":"1a1c01bbd47fc00a2c39e90264f33305004495a9","hash":"ea3a93c6e6aa40b3e86c4c858a6d58bba5c21045","contentHash":"e9ab3cf822189aaebfec559b27c22033d2b92ecfb6249f581198d25c033c0b9a"},"D:\\大四\\movies-api-CA2\\movies-api-cicd\\api\\movies\\index.js":{"path":"D:\\大四\\movies-api-CA2\\movies-api-cicd\\api\\movies\\index.js","statementMap":{"0":{"start":{"line":3,"column":29},"end":{"line":3,"column":84}},"1":{"start":{"line":4,"column":0},"end":{"line":6,"column":3}},"2":{"start":{"line":7,"column":0},"end":{"line":7,"column":28}},"3":{"start":{"line":8,"column":19},"end":{"line":8,"column":80}},"4":{"start":{"line":9,"column":25},"end":{"line":9,"column":99}},"5":{"start":{"line":10,"column":15},"end":{"line":10,"column":57}},"6":{"start":{"line":11,"column":18},"end":{"line":11,"column":65}},"7":{"start":{"line":12,"column":14},"end":{"line":12,"column":55}},"8":{"start":{"line":13,"column":27},"end":{"line":13,"column":83}},"9":{"start":{"line":14,"column":15},"end":{"line":14,"column":37}},"10":{"start":{"line":15,"column":13},"end":{"line":15,"column":41}},"11":{"start":{"line":16,"column":12},"end":{"line":16,"column":27}},"12":{"start":{"line":31,"column":0},"end":{"line":51,"column":6}},"13":{"start":{"line":32,"column":13},"end":{"line":47,"column":5}},"14":{"start":{"line":34,"column":4},"end":{"line":46,"column":16}},"15":{"start":{"line":35,"column":6},"end":{"line":45,"column":7}},"16":{"start":{"line":35,"column":16},"end":{"line":45,"column":7}},"17":{"start":{"line":37,"column":10},"end":{"line":37,"column":28}},"18":{"start":{"line":38,"column":10},"end":{"line":38,"column":47}},"19":{"start":{"line":40,"column":10},"end":{"line":40,"column":33}},"20":{"start":{"line":41,"column":10},"end":{"line":41,"column":39}},"21":{"start":{"line":44,"column":10},"end":{"line":44,"column":33}},"22":{"start":{"line":48,"column":2},"end":{"line":50,"column":4}},"23":{"start":{"line":49,"column":4},"end":{"line":49,"column":39}},"24":{"start":{"line":68,"column":0},"end":{"line":100,"column":6}},"25":{"start":{"line":69,"column":14},"end":{"line":96,"column":5}},"26":{"start":{"line":71,"column":4},"end":{"line":95,"column":17}},"27":{"start":{"line":72,"column":6},"end":{"line":94,"column":7}},"28":{"start":{"line":72,"column":16},"end":{"line":94,"column":7}},"29":{"start":{"line":74,"column":10},"end":{"line":77,"column":11}},"30":{"start":{"line":75,"column":12},"end":{"line":75,"column":31}},"31":{"start":{"line":76,"column":12},"end":{"line":76,"column":18}},"32":{"start":{"line":78,"column":10},"end":{"line":78,"column":39}},"33":{"start":{"line":79,"column":10},"end":{"line":79,"column":29}},"34":{"start":{"line":80,"column":10},"end":{"line":80,"column":51}},"35":{"start":{"line":82,"column":10},"end":{"line":82,"column":40}},"36":{"start":{"line":83,"column":10},"end":{"line":83,"column":45}},"37":{"start":{"line":84,"column":10},"end":{"line":84,"column":29}},"38":{"start":{"line":85,"column":10},"end":{"line":85,"column":16}},"39":{"start":{"line":87,"column":10},"end":{"line":90,"column":13}},"40":{"start":{"line":93,"column":10},"end":{"line":93,"column":34}},"41":{"start":{"line":97,"column":2},"end":{"line":99,"column":4}},"42":{"start":{"line":98,"column":4},"end":{"line":98,"column":40}},"43":{"start":{"line":117,"column":0},"end":{"line":149,"column":6}},"44":{"start":{"line":118,"column":14},"end":{"line":145,"column":5}},"45":{"start":{"line":120,"column":4},"end":{"line":144,"column":17}},"46":{"start":{"line":121,"column":6},"end":{"line":143,"column":7}},"47":{"start":{"line":121,"column":16},"end":{"line":143,"column":7}},"48":{"start":{"line":123,"column":10},"end":{"line":123,"column":39}},"49":{"start":{"line":124,"column":10},"end":{"line":124,"column":29}},"50":{"start":{"line":125,"column":10},"end":{"line":125,"column":51}},"51":{"start":{"line":127,"column":10},"end":{"line":127,"column":40}},"52":{"start":{"line":128,"column":10},"end":{"line":139,"column":11}},"53":{"start":{"line":129,"column":12},"end":{"line":129,"column":45}},"54":{"start":{"line":130,"column":12},"end":{"line":130,"column":45}},"55":{"start":{"line":131,"column":12},"end":{"line":131,"column":52}},"56":{"start":{"line":132,"column":12},"end":{"line":132,"column":48}},"57":{"start":{"line":133,"column":12},"end":{"line":133,"column":43}},"58":{"start":{"line":135,"column":12},"end":{"line":138,"column":15}},"59":{"start":{"line":142,"column":10},"end":{"line":142,"column":34}},"60":{"start":{"line":146,"column":2},"end":{"line":148,"column":4}},"61":{"start":{"line":147,"column":4},"end":{"line":147,"column":40}},"62":{"start":{"line":176,"column":0},"end":{"line":208,"column":6}},"63":{"start":{"line":177,"column":14},"end":{"line":204,"column":5}},"64":{"start":{"line":179,"column":4},"end":{"line":203,"column":17}},"65":{"start":{"line":180,"column":6},"end":{"line":202,"column":7}},"66":{"start":{"line":180,"column":16},"end":{"line":202,"column":7}},"67":{"start":{"line":182,"column":10},"end":{"line":185,"column":11}},"68":{"start":{"line":183,"column":12},"end":{"line":183,"column":31}},"69":{"start":{"line":184,"column":12},"end":{"line":184,"column":18}},"70":{"start":{"line":186,"column":10},"end":{"line":186,"column":43}},"71":{"start":{"line":187,"column":10},"end":{"line":187,"column":29}},"72":{"start":{"line":188,"column":10},"end":{"line":188,"column":54}},"73":{"start":{"line":190,"column":10},"end":{"line":190,"column":41}},"74":{"start":{"line":191,"column":10},"end":{"line":191,"column":46}},"75":{"start":{"line":192,"column":10},"end":{"line":192,"column":29}},"76":{"start":{"line":193,"column":10},"end":{"line":193,"column":16}},"77":{"start":{"line":195,"column":10},"end":{"line":198,"column":13}},"78":{"start":{"line":201,"column":10},"end":{"line":201,"column":34}},"79":{"start":{"line":205,"column":2},"end":{"line":207,"column":4}},"80":{"start":{"line":206,"column":4},"end":{"line":206,"column":40}},"81":{"start":{"line":236,"column":0},"end":{"line":281,"column":6}},"82":{"start":{"line":237,"column":14},"end":{"line":277,"column":5}},"83":{"start":{"line":239,"column":4},"end":{"line":276,"column":33}},"84":{"start":{"line":240,"column":6},"end":{"line":275,"column":7}},"85":{"start":{"line":240,"column":16},"end":{"line":275,"column":7}},"86":{"start":{"line":242,"column":10},"end":{"line":245,"column":11}},"87":{"start":{"line":243,"column":12},"end":{"line":243,"column":32}},"88":{"start":{"line":244,"column":12},"end":{"line":244,"column":18}},"89":{"start":{"line":246,"column":10},"end":{"line":246,"column":43}},"90":{"start":{"line":247,"column":10},"end":{"line":247,"column":29}},"91":{"start":{"line":248,"column":10},"end":{"line":248,"column":29}},"92":{"start":{"line":249,"column":10},"end":{"line":249,"column":55}},"93":{"start":{"line":251,"column":10},"end":{"line":251,"column":42}},"94":{"start":{"line":252,"column":10},"end":{"line":252,"column":47}},"95":{"start":{"line":253,"column":10},"end":{"line":253,"column":30}},"96":{"start":{"line":254,"column":10},"end":{"line":254,"column":16}},"97":{"start":{"line":256,"column":10},"end":{"line":256,"column":29}},"98":{"start":{"line":257,"column":10},"end":{"line":257,"column":47}},"99":{"start":{"line":258,"column":10},"end":{"line":258,"column":69}},"100":{"start":{"line":259,"column":10},"end":{"line":263,"column":13}},"101":{"start":{"line":265,"column":10},"end":{"line":265,"column":30}},"102":{"start":{"line":266,"column":10},"end":{"line":266,"column":16}},"103":{"start":{"line":268,"column":10},"end":{"line":271,"column":13}},"104":{"start":{"line":274,"column":10},"end":{"line":274,"column":34}},"105":{"start":{"line":278,"column":2},"end":{"line":280,"column":4}},"106":{"start":{"line":279,"column":4},"end":{"line":279,"column":40}},"107":{"start":{"line":309,"column":0},"end":{"line":341,"column":6}},"108":{"start":{"line":310,"column":14},"end":{"line":337,"column":5}},"109":{"start":{"line":312,"column":4},"end":{"line":336,"column":17}},"110":{"start":{"line":313,"column":6},"end":{"line":335,"column":7}},"111":{"start":{"line":313,"column":16},"end":{"line":335,"column":7}},"112":{"start":{"line":315,"column":10},"end":{"line":318,"column":11}},"113":{"start":{"line":316,"column":12},"end":{"line":316,"column":31}},"114":{"start":{"line":317,"column":12},"end":{"line":317,"column":18}},"115":{"start":{"line":319,"column":10},"end":{"line":319,"column":43}},"116":{"start":{"line":320,"column":10},"end":{"line":320,"column":29}},"117":{"start":{"line":321,"column":10},"end":{"line":321,"column":55}},"118":{"start":{"line":323,"column":10},"end":{"line":323,"column":42}},"119":{"start":{"line":324,"column":10},"end":{"line":324,"column":47}},"120":{"start":{"line":325,"column":10},"end":{"line":325,"column":29}},"121":{"start":{"line":326,"column":10},"end":{"line":326,"column":16}},"122":{"start":{"line":328,"column":10},"end":{"line":331,"column":13}},"123":{"start":{"line":334,"column":10},"end":{"line":334,"column":34}},"124":{"start":{"line":338,"column":2},"end":{"line":340,"column":4}},"125":{"start":{"line":339,"column":4},"end":{"line":339,"column":40}},"126":{"start":{"line":357,"column":0},"end":{"line":377,"column":6}},"127":{"start":{"line":358,"column":14},"end":{"line":373,"column":5}},"128":{"start":{"line":360,"column":4},"end":{"line":372,"column":17}},"129":{"start":{"line":361,"column":6},"end":{"line":371,"column":7}},"130":{"start":{"line":361,"column":16},"end":{"line":371,"column":7}},"131":{"start":{"line":363,"column":10},"end":{"line":363,"column":29}},"132":{"start":{"line":364,"column":10},"end":{"line":364,"column":43}},"133":{"start":{"line":366,"column":10},"end":{"line":366,"column":34}},"134":{"start":{"line":367,"column":10},"end":{"line":367,"column":39}},"135":{"start":{"line":370,"column":10},"end":{"line":370,"column":34}},"136":{"start":{"line":374,"column":2},"end":{"line":376,"column":4}},"137":{"start":{"line":375,"column":4},"end":{"line":375,"column":40}},"138":{"start":{"line":407,"column":0},"end":{"line":435,"column":6}},"139":{"start":{"line":408,"column":14},"end":{"line":431,"column":5}},"140":{"start":{"line":410,"column":4},"end":{"line":430,"column":17}},"141":{"start":{"line":411,"column":6},"end":{"line":429,"column":7}},"142":{"start":{"line":411,"column":16},"end":{"line":429,"column":7}},"143":{"start":{"line":413,"column":10},"end":{"line":413,"column":39}},"144":{"start":{"line":414,"column":10},"end":{"line":414,"column":29}},"145":{"start":{"line":415,"column":10},"end":{"line":415,"column":60}},"146":{"start":{"line":417,"column":10},"end":{"line":417,"column":33}},"147":{"start":{"line":418,"column":10},"end":{"line":425,"column":11}},"148":{"start":{"line":419,"column":12},"end":{"line":419,"column":40}},"149":{"start":{"line":421,"column":12},"end":{"line":424,"column":15}},"150":{"start":{"line":428,"column":10},"end":{"line":428,"column":34}},"151":{"start":{"line":432,"column":2},"end":{"line":434,"column":4}},"152":{"start":{"line":433,"column":4},"end":{"line":433,"column":40}},"153":{"start":{"line":451,"column":0},"end":{"line":483,"column":6}},"154":{"start":{"line":452,"column":14},"end":{"line":479,"column":5}},"155":{"start":{"line":454,"column":4},"end":{"line":478,"column":17}},"156":{"start":{"line":455,"column":6},"end":{"line":477,"column":7}},"157":{"start":{"line":455,"column":16},"end":{"line":477,"column":7}},"158":{"start":{"line":457,"column":10},"end":{"line":457,"column":39}},"159":{"start":{"line":458,"column":10},"end":{"line":461,"column":11}},"160":{"start":{"line":459,"column":12},"end":{"line":459,"column":31}},"161":{"start":{"line":460,"column":12},"end":{"line":460,"column":18}},"162":{"start":{"line":462,"column":10},"end":{"line":465,"column":13}},"163":{"start":{"line":466,"column":10},"end":{"line":466,"column":29}},"164":{"start":{"line":467,"column":10},"end":{"line":467,"column":16}},"165":{"start":{"line":469,"column":10},"end":{"line":469,"column":29}},"166":{"start":{"line":470,"column":10},"end":{"line":470,"column":51}},"167":{"start":{"line":472,"column":10},"end":{"line":472,"column":35}},"168":{"start":{"line":473,"column":10},"end":{"line":473,"column":40}},"169":{"start":{"line":476,"column":10},"end":{"line":476,"column":34}},"170":{"start":{"line":480,"column":2},"end":{"line":482,"column":4}},"171":{"start":{"line":481,"column":4},"end":{"line":481,"column":40}},"172":{"start":{"line":513,"column":0},"end":{"line":545,"column":6}},"173":{"start":{"line":514,"column":15},"end":{"line":541,"column":5}},"174":{"start":{"line":516,"column":4},"end":{"line":540,"column":18}},"175":{"start":{"line":517,"column":6},"end":{"line":539,"column":7}},"176":{"start":{"line":517,"column":16},"end":{"line":539,"column":7}},"177":{"start":{"line":519,"column":10},"end":{"line":519,"column":39}},"178":{"start":{"line":520,"column":10},"end":{"line":523,"column":11}},"179":{"start":{"line":521,"column":12},"end":{"line":521,"column":32}},"180":{"start":{"line":522,"column":12},"end":{"line":522,"column":18}},"181":{"start":{"line":524,"column":10},"end":{"line":527,"column":13}},"182":{"start":{"line":528,"column":10},"end":{"line":528,"column":30}},"183":{"start":{"line":529,"column":10},"end":{"line":529,"column":16}},"184":{"start":{"line":531,"column":10},"end":{"line":531,"column":30}},"185":{"start":{"line":532,"column":10},"end":{"line":532,"column":50}},"186":{"start":{"line":534,"column":10},"end":{"line":534,"column":35}},"187":{"start":{"line":535,"column":10},"end":{"line":535,"column":39}},"188":{"start":{"line":538,"column":10},"end":{"line":538,"column":35}},"189":{"start":{"line":542,"column":2},"end":{"line":544,"column":4}},"190":{"start":{"line":543,"column":4},"end":{"line":543,"column":41}},"191":{"start":{"line":546,"column":15},"end":{"line":546,"column":42}}},"fnMap":{"0":{"name":"(anonymous_0)","decl":{"start":{"line":31,"column":67},"end":{"line":31,"column":68}},"loc":{"start":{"line":31,"column":79},"end":{"line":51,"column":1}},"line":31},"1":{"name":"_callee","decl":{"start":{"line":32,"column":100},"end":{"line":32,"column":107}},"loc":{"start":{"line":32,"column":118},"end":{"line":47,"column":3}},"line":32},"2":{"name":"_callee$","decl":{"start":{"line":34,"column":49},"end":{"line":34,"column":57}},"loc":{"start":{"line":34,"column":68},"end":{"line":46,"column":5}},"line":34},"3":{"name":"(anonymous_3)","decl":{"start":{"line":48,"column":9},"end":{"line":48,"column":10}},"loc":{"start":{"line":48,"column":28},"end":{"line":50,"column":3}},"line":48},"4":{"name":"(anonymous_4)","decl":{"start":{"line":68,"column":78},"end":{"line":68,"column":79}},"loc":{"start":{"line":68,"column":90},"end":{"line":100,"column":1}},"line":68},"5":{"name":"_callee2","decl":{"start":{"line":69,"column":101},"end":{"line":69,"column":109}},"loc":{"start":{"line":69,"column":120},"end":{"line":96,"column":3}},"line":69},"6":{"name":"_callee2$","decl":{"start":{"line":71,"column":49},"end":{"line":71,"column":58}},"loc":{"start":{"line":71,"column":70},"end":{"line":95,"column":5}},"line":71},"7":{"name":"(anonymous_7)","decl":{"start":{"line":97,"column":9},"end":{"line":97,"column":10}},"loc":{"start":{"line":97,"column":29},"end":{"line":99,"column":3}},"line":97},"8":{"name":"(anonymous_8)","decl":{"start":{"line":117,"column":79},"end":{"line":117,"column":80}},"loc":{"start":{"line":117,"column":91},"end":{"line":149,"column":1}},"line":117},"9":{"name":"_callee3","decl":{"start":{"line":118,"column":101},"end":{"line":118,"column":109}},"loc":{"start":{"line":118,"column":120},"end":{"line":145,"column":3}},"line":118},"10":{"name":"_callee3$","decl":{"start":{"line":120,"column":49},"end":{"line":120,"column":58}},"loc":{"start":{"line":120,"column":70},"end":{"line":144,"column":5}},"line":120},"11":{"name":"(anonymous_11)","decl":{"start":{"line":146,"column":9},"end":{"line":146,"column":10}},"loc":{"start":{"line":146,"column":29},"end":{"line":148,"column":3}},"line":146},"12":{"name":"(anonymous_12)","decl":{"start":{"line":176,"column":85},"end":{"line":176,"column":86}},"loc":{"start":{"line":176,"column":97},"end":{"line":208,"column":1}},"line":176},"13":{"name":"_callee4","decl":{"start":{"line":177,"column":101},"end":{"line":177,"column":109}},"loc":{"start":{"line":177,"column":120},"end":{"line":204,"column":3}},"line":177},"14":{"name":"_callee4$","decl":{"start":{"line":179,"column":49},"end":{"line":179,"column":58}},"loc":{"start":{"line":179,"column":70},"end":{"line":203,"column":5}},"line":179},"15":{"name":"(anonymous_15)","decl":{"start":{"line":205,"column":9},"end":{"line":205,"column":10}},"loc":{"start":{"line":205,"column":29},"end":{"line":207,"column":3}},"line":205},"16":{"name":"(anonymous_16)","decl":{"start":{"line":236,"column":86},"end":{"line":236,"column":87}},"loc":{"start":{"line":236,"column":98},"end":{"line":281,"column":1}},"line":236},"17":{"name":"_callee5","decl":{"start":{"line":237,"column":101},"end":{"line":237,"column":109}},"loc":{"start":{"line":237,"column":120},"end":{"line":277,"column":3}},"line":237},"18":{"name":"_callee5$","decl":{"start":{"line":239,"column":49},"end":{"line":239,"column":58}},"loc":{"start":{"line":239,"column":70},"end":{"line":276,"column":5}},"line":239},"19":{"name":"(anonymous_19)","decl":{"start":{"line":278,"column":9},"end":{"line":278,"column":10}},"loc":{"start":{"line":278,"column":30},"end":{"line":280,"column":3}},"line":278},"20":{"name":"(anonymous_20)","decl":{"start":{"line":309,"column":86},"end":{"line":309,"column":87}},"loc":{"start":{"line":309,"column":98},"end":{"line":341,"column":1}},"line":309},"21":{"name":"_callee6","decl":{"start":{"line":310,"column":101},"end":{"line":310,"column":109}},"loc":{"start":{"line":310,"column":120},"end":{"line":337,"column":3}},"line":310},"22":{"name":"_callee6$","decl":{"start":{"line":312,"column":49},"end":{"line":312,"column":58}},"loc":{"start":{"line":312,"column":70},"end":{"line":336,"column":5}},"line":312},"23":{"name":"(anonymous_23)","decl":{"start":{"line":338,"column":9},"end":{"line":338,"column":10}},"loc":{"start":{"line":338,"column":31},"end":{"line":340,"column":3}},"line":338},"24":{"name":"(anonymous_24)","decl":{"start":{"line":357,"column":78},"end":{"line":357,"column":79}},"loc":{"start":{"line":357,"column":90},"end":{"line":377,"column":1}},"line":357},"25":{"name":"_callee7","decl":{"start":{"line":358,"column":101},"end":{"line":358,"column":109}},"loc":{"start":{"line":358,"column":120},"end":{"line":373,"column":3}},"line":358},"26":{"name":"_callee7$","decl":{"start":{"line":360,"column":49},"end":{"line":360,"column":58}},"loc":{"start":{"line":360,"column":70},"end":{"line":372,"column":5}},"line":360},"27":{"name":"(anonymous_27)","decl":{"start":{"line":374,"column":9},"end":{"line":374,"column":10}},"loc":{"start":{"line":374,"column":31},"end":{"line":376,"column":3}},"line":374},"28":{"name":"(anonymous_28)","decl":{"start":{"line":407,"column":75},"end":{"line":407,"column":76}},"loc":{"start":{"line":407,"column":87},"end":{"line":435,"column":1}},"line":407},"29":{"name":"_callee8","decl":{"start":{"line":408,"column":101},"end":{"line":408,"column":109}},"loc":{"start":{"line":408,"column":120},"end":{"line":431,"column":3}},"line":408},"30":{"name":"_callee8$","decl":{"start":{"line":410,"column":49},"end":{"line":410,"column":58}},"loc":{"start":{"line":410,"column":70},"end":{"line":430,"column":5}},"line":410},"31":{"name":"(anonymous_31)","decl":{"start":{"line":432,"column":9},"end":{"line":432,"column":10}},"loc":{"start":{"line":432,"column":31},"end":{"line":434,"column":3}},"line":432},"32":{"name":"(anonymous_32)","decl":{"start":{"line":451,"column":89},"end":{"line":451,"column":90}},"loc":{"start":{"line":451,"column":101},"end":{"line":483,"column":1}},"line":451},"33":{"name":"_callee9","decl":{"start":{"line":452,"column":101},"end":{"line":452,"column":109}},"loc":{"start":{"line":452,"column":120},"end":{"line":479,"column":3}},"line":452},"34":{"name":"_callee9$","decl":{"start":{"line":454,"column":49},"end":{"line":454,"column":58}},"loc":{"start":{"line":454,"column":70},"end":{"line":478,"column":5}},"line":454},"35":{"name":"(anonymous_35)","decl":{"start":{"line":480,"column":9},"end":{"line":480,"column":10}},"loc":{"start":{"line":480,"column":31},"end":{"line":482,"column":3}},"line":480},"36":{"name":"(anonymous_36)","decl":{"start":{"line":513,"column":82},"end":{"line":513,"column":83}},"loc":{"start":{"line":513,"column":94},"end":{"line":545,"column":1}},"line":513},"37":{"name":"_callee10","decl":{"start":{"line":514,"column":102},"end":{"line":514,"column":111}},"loc":{"start":{"line":514,"column":122},"end":{"line":541,"column":3}},"line":514},"38":{"name":"_callee10$","decl":{"start":{"line":516,"column":49},"end":{"line":516,"column":59}},"loc":{"start":{"line":516,"column":72},"end":{"line":540,"column":5}},"line":516},"39":{"name":"(anonymous_39)","decl":{"start":{"line":542,"column":9},"end":{"line":542,"column":10}},"loc":{"start":{"line":542,"column":31},"end":{"line":544,"column":3}},"line":542}},"branchMap":{"0":{"loc":{"start":{"line":35,"column":16},"end":{"line":45,"column":7}},"type":"switch","locations":[{"start":{"line":36,"column":8},"end":{"line":38,"column":47}},{"start":{"line":39,"column":8},"end":{"line":41,"column":39}},{"start":{"line":42,"column":8},"end":{"line":42,"column":15}},{"start":{"line":43,"column":8},"end":{"line":44,"column":33}}],"line":35},"1":{"loc":{"start":{"line":72,"column":16},"end":{"line":94,"column":7}},"type":"switch","locations":[{"start":{"line":73,"column":8},"end":{"line":80,"column":51}},{"start":{"line":81,"column":8},"end":{"line":85,"column":16}},{"start":{"line":86,"column":8},"end":{"line":90,"column":13}},{"start":{"line":91,"column":8},"end":{"line":91,"column":15}},{"start":{"line":92,"column":8},"end":{"line":93,"column":34}}],"line":72},"2":{"loc":{"start":{"line":74,"column":10},"end":{"line":77,"column":11}},"type":"if","locations":[{"start":{"line":74,"column":10},"end":{"line":77,"column":11}},{"start":{"line":74,"column":10},"end":{"line":77,"column":11}}],"line":74},"3":{"loc":{"start":{"line":121,"column":16},"end":{"line":143,"column":7}},"type":"switch","locations":[{"start":{"line":122,"column":8},"end":{"line":125,"column":51}},{"start":{"line":126,"column":8},"end":{"line":139,"column":11}},{"start":{"line":140,"column":8},"end":{"line":140,"column":15}},{"start":{"line":141,"column":8},"end":{"line":142,"column":34}}],"line":121},"4":{"loc":{"start":{"line":128,"column":10},"end":{"line":139,"column":11}},"type":"if","locations":[{"start":{"line":128,"column":10},"end":{"line":139,"column":11}},{"start":{"line":128,"column":10},"end":{"line":139,"column":11}}],"line":128},"5":{"loc":{"start":{"line":180,"column":16},"end":{"line":202,"column":7}},"type":"switch","locations":[{"start":{"line":181,"column":8},"end":{"line":188,"column":54}},{"start":{"line":189,"column":8},"end":{"line":193,"column":16}},{"start":{"line":194,"column":8},"end":{"line":198,"column":13}},{"start":{"line":199,"column":8},"end":{"line":199,"column":15}},{"start":{"line":200,"column":8},"end":{"line":201,"column":34}}],"line":180},"6":{"loc":{"start":{"line":182,"column":10},"end":{"line":185,"column":11}},"type":"if","locations":[{"start":{"line":182,"column":10},"end":{"line":185,"column":11}},{"start":{"line":182,"column":10},"end":{"line":185,"column":11}}],"line":182},"7":{"loc":{"start":{"line":240,"column":16},"end":{"line":275,"column":7}},"type":"switch","locations":[{"start":{"line":241,"column":8},"end":{"line":249,"column":55}},{"start":{"line":250,"column":8},"end":{"line":254,"column":16}},{"start":{"line":255,"column":8},"end":{"line":263,"column":13}},{"start":{"line":264,"column":8},"end":{"line":266,"column":16}},{"start":{"line":267,"column":8},"end":{"line":271,"column":13}},{"start":{"line":272,"column":8},"end":{"line":272,"column":16}},{"start":{"line":273,"column":8},"end":{"line":274,"column":34}}],"line":240},"8":{"loc":{"start":{"line":242,"column":10},"end":{"line":245,"column":11}},"type":"if","locations":[{"start":{"line":242,"column":10},"end":{"line":245,"column":11}},{"start":{"line":242,"column":10},"end":{"line":245,"column":11}}],"line":242},"9":{"loc":{"start":{"line":313,"column":16},"end":{"line":335,"column":7}},"type":"switch","locations":[{"start":{"line":314,"column":8},"end":{"line":321,"column":55}},{"start":{"line":322,"column":8},"end":{"line":326,"column":16}},{"start":{"line":327,"column":8},"end":{"line":331,"column":13}},{"start":{"line":332,"column":8},"end":{"line":332,"column":15}},{"start":{"line":333,"column":8},"end":{"line":334,"column":34}}],"line":313},"10":{"loc":{"start":{"line":315,"column":10},"end":{"line":318,"column":11}},"type":"if","locations":[{"start":{"line":315,"column":10},"end":{"line":318,"column":11}},{"start":{"line":315,"column":10},"end":{"line":318,"column":11}}],"line":315},"11":{"loc":{"start":{"line":361,"column":16},"end":{"line":371,"column":7}},"type":"switch","locations":[{"start":{"line":362,"column":8},"end":{"line":364,"column":43}},{"start":{"line":365,"column":8},"end":{"line":367,"column":39}},{"start":{"line":368,"column":8},"end":{"line":368,"column":15}},{"start":{"line":369,"column":8},"end":{"line":370,"column":34}}],"line":361},"12":{"loc":{"start":{"line":411,"column":16},"end":{"line":429,"column":7}},"type":"switch","locations":[{"start":{"line":412,"column":8},"end":{"line":415,"column":60}},{"start":{"line":416,"column":8},"end":{"line":425,"column":11}},{"start":{"line":426,"column":8},"end":{"line":426,"column":15}},{"start":{"line":427,"column":8},"end":{"line":428,"column":34}}],"line":411},"13":{"loc":{"start":{"line":418,"column":10},"end":{"line":425,"column":11}},"type":"if","locations":[{"start":{"line":418,"column":10},"end":{"line":425,"column":11}},{"start":{"line":418,"column":10},"end":{"line":425,"column":11}}],"line":418},"14":{"loc":{"start":{"line":455,"column":16},"end":{"line":477,"column":7}},"type":"switch","locations":[{"start":{"line":456,"column":8},"end":{"line":467,"column":16}},{"start":{"line":468,"column":8},"end":{"line":470,"column":51}},{"start":{"line":471,"column":8},"end":{"line":473,"column":40}},{"start":{"line":474,"column":8},"end":{"line":474,"column":15}},{"start":{"line":475,"column":8},"end":{"line":476,"column":34}}],"line":455},"15":{"loc":{"start":{"line":458,"column":10},"end":{"line":461,"column":11}},"type":"if","locations":[{"start":{"line":458,"column":10},"end":{"line":461,"column":11}},{"start":{"line":458,"column":10},"end":{"line":461,"column":11}}],"line":458},"16":{"loc":{"start":{"line":517,"column":16},"end":{"line":539,"column":7}},"type":"switch","locations":[{"start":{"line":518,"column":8},"end":{"line":529,"column":16}},{"start":{"line":530,"column":8},"end":{"line":532,"column":50}},{"start":{"line":533,"column":8},"end":{"line":535,"column":39}},{"start":{"line":536,"column":8},"end":{"line":536,"column":15}},{"start":{"line":537,"column":8},"end":{"line":538,"column":35}}],"line":517},"17":{"loc":{"start":{"line":520,"column":10},"end":{"line":523,"column":11}},"type":"if","locations":[{"start":{"line":520,"column":10},"end":{"line":523,"column":11}},{"start":{"line":520,"column":10},"end":{"line":523,"column":11}}],"line":520}},"s":{"0":1,"1":1,"2":1,"3":1,"4":1,"5":1,"6":1,"7":1,"8":1,"9":1,"10":1,"11":1,"12":1,"13":1,"14":1,"15":2,"16":2,"17":1,"18":1,"19":1,"20":1,"21":1,"22":1,"23":1,"24":1,"25":1,"26":2,"27":3,"28":5,"29":2,"30":1,"31":1,"32":1,"33":1,"34":1,"35":1,"36":1,"37":1,"38":1,"39":1,"40":2,"41":1,"42":2,"43":1,"44":1,"45":2,"46":4,"47":4,"48":2,"49":2,"50":2,"51":2,"52":2,"53":1,"54":1,"55":1,"56":1,"57":1,"58":1,"59":2,"60":1,"61":2,"62":1,"63":1,"64":2,"65":3,"66":5,"67":2,"68":1,"69":1,"70":1,"71":1,"72":1,"73":1,"74":1,"75":1,"76":1,"77":1,"78":2,"79":1,"80":2,"81":1,"82":1,"83":2,"84":3,"85":6,"86":2,"87":1,"88":1,"89":1,"90":1,"91":1,"92":1,"93":1,"94":1,"95":1,"96":1,"97":0,"98":0,"99":0,"100":0,"101":1,"102":1,"103":1,"104":2,"105":1,"106":2,"107":1,"108":1,"109":2,"110":3,"111":5,"112":2,"113":1,"114":1,"115":1,"116":1,"117":1,"118":1,"119":1,"120":1,"121":1,"122":1,"123":2,"124":1,"125":2,"126":1,"127":1,"128":0,"129":0,"130":0,"131":0,"132":0,"133":0,"134":0,"135":0,"136":1,"137":0,"138":1,"139":1,"140":2,"141":4,"142":4,"143":2,"144":2,"145":2,"146":2,"147":2,"148":1,"149":1,"150":2,"151":1,"152":2,"153":1,"154":1,"155":2,"156":3,"157":5,"158":2,"159":2,"160":1,"161":1,"162":1,"163":1,"164":1,"165":1,"166":1,"167":1,"168":1,"169":2,"170":1,"171":2,"172":1,"173":1,"174":2,"175":3,"176":5,"177":2,"178":2,"179":1,"180":1,"181":1,"182":1,"183":1,"184":1,"185":1,"186":1,"187":1,"188":2,"189":1,"190":2,"191":1},"f":{"0":1,"1":1,"2":2,"3":1,"4":1,"5":2,"6":3,"7":2,"8":1,"9":2,"10":4,"11":2,"12":1,"13":2,"14":3,"15":2,"16":1,"17":2,"18":3,"19":2,"20":1,"21":2,"22":3,"23":2,"24":1,"25":0,"26":0,"27":0,"28":1,"29":2,"30":4,"31":2,"32":1,"33":2,"34":3,"35":2,"36":1,"37":2,"38":3,"39":2},"b":{"0":[1,1,1,1],"1":[2,1,1,2,2],"2":[1,1],"3":[2,2,2,2],"4":[1,1],"5":[2,1,1,2,2],"6":[1,1],"7":[2,1,0,1,1,2,2],"8":[1,1],"9":[2,1,1,2,2],"10":[1,1],"11":[0,0,0,0],"12":[2,2,2,2],"13":[1,1],"14":[2,1,1,2,2],"15":[1,1],"16":[2,1,1,2,2],"17":[1,1]},"inputSourceMap":{"version":3,"names":["_express","_interopRequireDefault","require","_movieModel","_uniqid","_expressAsyncHandler","_tmdbApi","router","express","Router","Regex","get","asyncHandler","_ref","_asyncToGenerator2","_regenerator","mark","_callee","req","res","movies","wrap","_callee$","_context","prev","next","movieModel","find","sent","status","json","stop","_x","_x2","apply","arguments","_ref2","_callee2","id","movieReviews","_callee2$","_context2","test","params","parseInt","getMovieReviews","message","status_code","_x3","_x4","post","_ref3","_callee3","_callee3$","_context3","body","created_at","Date","updated_at","uniqid","results","push","_x5","_x6","_ref4","_callee4","page","popularMovies","_callee4$","_context4","getPopularMovies","_x7","_x8","_ref5","_callee5","upcomingMovies","_callee5$","_context5","getUpcomingMovies","t0","console","error","_x9","_x10","_ref6","_callee6","topRatedMovies","_callee6$","_context6","getTopRatedMovies","_x11","_x12","_ref7","_callee7","genres","_callee7$","_context7","getGenres","_x13","_x14","_ref8","_callee8","movie","_callee8$","_context8","findByMovieDBId","_x15","_x16","_ref9","_callee9","credits","_callee9$","_context9","getMovieCredits","_x17","_x18","_ref10","_callee10","images","_callee10$","_context10","getMovieImages","_x19","_x20","_default","exports"],"sourceRoot":"D:\\大四\\movies-api-CA2\\movies-api-cicd\\api\\movies\\","sources":["index.js"],"sourcesContent":["import express from \"express\";\r\nimport movieModel from './movieModel';\r\nimport uniqid from \"uniqid\";\r\nimport asyncHandler from 'express-async-handler';\r\nimport {\r\n    getMovie, getPopularMovies, getUpcomingMovies, getMovieCredits, getMovieImages, getMovieReviews, getTopRatedMovies, getGenres,\r\n} from '../tmdb-api';\r\n\r\nconst router = express.Router();\r\nlet Regex = /^[1-9][0-9]*$/;\r\n\r\n/**,\r\n * @swagger\r\n * /api/movies:\r\n *    get:\r\n *      tags:\r\n *       - movie\r\n *      summary: \r\n *      produces:\r\n *      - application/json\r\n *      responses:\r\n *        200:\r\n *          description: \r\n * */\r\nrouter.get('/', asyncHandler(async (req, res) => {\r\n    const movies = await movieModel.find();\r\n    res.status(200).json(movies);\r\n}));\r\n\r\n// Get movie reviews\r\n/**,\r\n * @swagger\r\n * /api/movies/:id/reviews:\r\n *    get:\r\n *      tags:\r\n *       - movie\r\n *      summary: movieReviews\r\n *      operationId: movieReviews \r\n *      produces:\r\n *      - application/json\r\n *      responses:\r\n *        200:\r\n *          description: \"successful operation\"\r\n * */\r\nrouter.get('/:id/reviews', asyncHandler(async (req, res) => {\r\n    if (Regex.test(req.params.id)) {\r\n        const id = parseInt(req.params.id);\r\n        const movieReviews = await getMovieReviews(id);\r\n        res.status(200).json(movieReviews);\r\n    }\r\n    else {\r\n        res.status(404).json({ message: 'The resource you requested could not be found.', status_code: 404 })\r\n    }\r\n}));\r\n\r\n\r\n\r\n//Post a movie review\r\n/**,\r\n * @swagger\r\n * /api/movies/:id/reviews:\r\n *    post:\r\n *      tags:\r\n *       - movie\r\n *      summary: movieReviews\r\n *      operationId: movieReviews \r\n *      produces:\r\n *      - application/json\r\n *      responses:\r\n *        200:\r\n *          description: \"successful operation\"\r\n * */\r\nrouter.post(\"/:id/reviews\", asyncHandler(async (req, res) => {\r\n    const id = parseInt(req.params.id);\r\n    const movieReviews = await getMovieReviews(id);\r\n    \r\n    if (movieReviews.id == id) {\r\n        req.body.created_at = new Date();\r\n        req.body.updated_at = new Date();\r\n        req.body.id = uniqid();\r\n        movieReviews.results.push(req.body); //push the new review onto the list\r\n        res.status(201).json(req.body);\r\n    } else {\r\n        res.status(404).json({\r\n            message: \"The resource you requested could not be found.\",\r\n            status_code: 404,\r\n        });\r\n    }\r\n}));\r\n/**\r\n * @swagger\r\n * /api/movies/tmdb/popular/page{page}:\r\n *   get:\r\n *    tags:\r\n *     - movie\r\n *    summary: \"Get popular movies\"\r\n *    description: \"Get popular movies\"\r\n *    produces:\r\n *     - \"application/json\"\r\n *    parameters:\r\n *     - in: path\r\n *       name: \"page\"\r\n *       description: \"Page number\"\r\n *       required: true\r\n *       schema:\r\n *          type: integer\r\n *    responses:\r\n *      200:\r\n *        description: \"successful operation\"\r\n *      404:\r\n *        description: \"Movie not found\"\r\n *    security:\r\n *      - api_key: [TMDBAPIKEY]\r\n * \r\n */\r\nrouter.get('/tmdb/popular/:page', asyncHandler(async (req, res) => {\r\n    if (Regex.test(req.params.page)) {\r\n        const page = parseInt(req.params.page);\r\n        const popularMovies = await getPopularMovies(page);\r\n        res.status(200).json(popularMovies);\r\n    }\r\n    else {\r\n        res.status(404).json({ message: 'Invalid page form.', status_code: 404 })\r\n    }\r\n}));\r\n\r\n/**\r\n * @swagger\r\n * /api/movies/tmdb/upcoming/page{page}:\r\n *   get:\r\n *    tags:\r\n *     - movie\r\n *    summary: \"Get upcoming movies\"\r\n *    description: \"Get upcoming movies\"\r\n *    produces:\r\n *     - \"application/json\"\r\n *    parameters:\r\n *     - in: path\r\n *       name: \"page\"\r\n *       description: \"Page number\"\r\n *       required: true\r\n *       schema:\r\n *          type: integer\r\n *    responses:\r\n *      200:\r\n *        description: \"successful operation\"\r\n *      404:\r\n *        description: \"Movie not found\"\r\n *    security:\r\n *      - api_key: [TMDBAPIKEY]\r\n * \r\n */\r\nrouter.get('/tmdb/upcoming/:page', asyncHandler(async (req, res) => {\r\n    if (Regex.test(req.params.page)) {\r\n        const page = parseInt(req.params.page);\r\n        try {\r\n            const upcomingMovies = await getUpcomingMovies(page);\r\n            res.status(200).json(upcomingMovies);\r\n        } catch (error) {\r\n            console.error('Error in getUpcomingMovies:', error);\r\n            res.status(500).json({ message: 'Internal Server Error', status_code: 500, error: error.message });\r\n        }\r\n    } else {\r\n        res.status(404).json({ message: 'Invalid page form.', status_code: 404 });\r\n    }\r\n}));\r\n\r\n/**\r\n * @swagger\r\n * /api/movies/tmdb/topRated/page{page}:\r\n *   get:\r\n *    tags:\r\n *     - movie\r\n *    summary: \"Get toperate movies\"\r\n *    description: \"Get toperate movies\"\r\n *    produces:\r\n *     - \"application/json\"\r\n *    parameters:\r\n *     - in: path\r\n *       name: \"page\"\r\n *       description: \"Page number\"\r\n *       required: true\r\n *       schema:\r\n *          type: integer\r\n *    responses:\r\n *      200:\r\n *        description: \"successful operation\"\r\n *      404:\r\n *        description: \"Movie not found\"\r\n *    security:\r\n *      - api_key: [TMDBAPIKEY]\r\n * \r\n */\r\nrouter.get('/tmdb/topRated/:page', asyncHandler(async (req, res) => {\r\n    if (Regex.test(req.params.page)) {\r\n        const page = parseInt(req.params.page);\r\n        const topRatedMovies = await getTopRatedMovies(page);\r\n        res.status(200).json(topRatedMovies);\r\n    }\r\n    else {\r\n        res.status(404).json({ message: 'Invalid page form.', status_code: 404 })\r\n    }\r\n}));\r\n\r\n/**,\r\n * @swagger\r\n * /api/movies/tmdb/genres:\r\n *    get:\r\n *      tags:\r\n *       - movie\r\n *      summary: getGenres\r\n *      operationId: getGenres \r\n *      produces:\r\n *      - application/json\r\n *      responses:\r\n *        200:\r\n *          description: \"successful operation\"\r\n * */\r\nrouter.get('/tmdb/genres', asyncHandler(async (req, res) => {\r\n    const genres = await getGenres();\r\n    res.status(200).json(genres);\r\n}));\r\n\r\n/**\r\n * @swagger\r\n * /api/movies/tmdb/{id}:\r\n *   get:\r\n *    tags:\r\n *     - movie\r\n *    summary: \"Get specific movies\"\r\n *    description: \"Get specific movies\"\r\n *    produces:\r\n *     - \"application/json\"\r\n *    parameters:\r\n *     - in: path\r\n *       name: \"id\"\r\n *       description: \"Movie id number\"\r\n *       required: true\r\n *       schema:\r\n *          type: integer\r\n *    responses:\r\n *      200:\r\n *        description: \"successful operation\"\r\n *      404:\r\n *        description: \"Movie not found\"\r\n *      500:\r\n *        description: \"Internal server error\"\r\n *    security:\r\n *      - api_key: [TMDBAPIKEY]\r\n * \r\n */\r\nrouter.get('/tmdb/:id', asyncHandler(async (req, res) => {\r\n    const id = parseInt(req.params.id);\r\n    const movie = await movieModel.findByMovieDBId(id);\r\n    if (movie) {\r\n        res.status(200).json(movie);\r\n    } else {\r\n        res.status(404).json({ message: 'The resource you requested could not be found.', status_code: 404 });\r\n    }\r\n}));\r\n\r\n\r\n/**,\r\n * @swagger\r\n * /api/movies/tmdb/:id/movie_credits:\r\n *    get:\r\n *      tags:\r\n *       - movie\r\n *      summary: movieCredits\r\n *      operationId: movieCredits \r\n *      produces:\r\n *      - application/json\r\n *      responses:\r\n *        200:\r\n *          description: \"successful operation\"\r\n * */\r\nrouter.get('/tmdb/:id/movie_credits', asyncHandler(async (req, res) => {\r\n    const id = parseInt(req.params.id);\r\n    if (!Regex.test(id)) {\r\n        res.status(404).json({ message: 'The resource you requested could not be found.', status_code: 404 });\r\n    }\r\n    else {\r\n        const credits = await getMovieCredits(id);\r\n        res.status(200).json(credits);\r\n    }\r\n}));\r\n\r\n/**\r\n * @swagger\r\n * /api/movies/tmdb/:id/images:\r\n *   get:\r\n *    tags:\r\n *     - movie\r\n *    summary: \"Get specific movie's images\"\r\n *    description: \"Get specific movie's images URL\"\r\n *    produces:\r\n *     - \"application/json\"\r\n *    parameters:\r\n *     - in: path\r\n *       name: \"id\"\r\n *       description: \"Movie id number\"\r\n *       required: true\r\n *       schema:\r\n *          type: integer\r\n *    responses:\r\n *      200:\r\n *        description: \"successful operation\"\r\n *      404:\r\n *        description: \"Movie not found\"\r\n *      500:\r\n *        description: \"Internal server error\"\r\n *    security:\r\n *      - api_key: [TMDBAPIKEY]\r\n * \r\n */\r\nrouter.get('/tmdb/:id/images', asyncHandler(async (req, res) => {\r\n    const id = parseInt(req.params.id);\r\n    if (!Regex.test(id)) {\r\n        res.status(404).json({ message: 'The resource you requested could not be found.', status_code: 404 });\r\n    }\r\n    else {\r\n        const images = await getMovieImages(id);\r\n        res.status(200).json(images);\r\n    }\r\n}));\r\n\r\n\r\nexport default router;\r\n"],"mappings":";;;;;;;;;AAAA,IAAAA,QAAA,GAAAC,sBAAA,CAAAC,OAAA;AACA,IAAAC,WAAA,GAAAF,sBAAA,CAAAC,OAAA;AACA,IAAAE,OAAA,GAAAH,sBAAA,CAAAC,OAAA;AACA,IAAAG,oBAAA,GAAAJ,sBAAA,CAAAC,OAAA;AACA,IAAAI,QAAA,GAAAJ,OAAA;AAIA,IAAMK,MAAM,GAAGC,mBAAO,CAACC,MAAM,CAAC,CAAC;AAC/B,IAAIC,KAAK,GAAG,eAAe;;AAE3B;AACA;AACA;AACA;AACA;AACA;AACA;AACA;AACA;AACA;AACA;AACA;AACA;AACAH,MAAM,CAACI,GAAG,CAAC,GAAG,EAAE,IAAAC,+BAAY;EAAA,IAAAC,IAAA,OAAAC,kBAAA,2BAAAC,YAAA,YAAAC,IAAA,CAAC,SAAAC,QAAOC,GAAG,EAAEC,GAAG;IAAA,IAAAC,MAAA;IAAA,OAAAL,YAAA,YAAAM,IAAA,UAAAC,SAAAC,QAAA;MAAA,kBAAAA,QAAA,CAAAC,IAAA,GAAAD,QAAA,CAAAE,IAAA;QAAA;UAAAF,QAAA,CAAAE,IAAA;UAAA,OACnBC,sBAAU,CAACC,IAAI,CAAC,CAAC;QAAA;UAAhCP,MAAM,GAAAG,QAAA,CAAAK,IAAA;UACZT,GAAG,CAACU,MAAM,CAAC,GAAG,CAAC,CAACC,IAAI,CAACV,MAAM,CAAC;QAAC;QAAA;UAAA,OAAAG,QAAA,CAAAQ,IAAA;MAAA;IAAA,GAAAd,OAAA;EAAA,CAChC;EAAA,iBAAAe,EAAA,EAAAC,GAAA;IAAA,OAAApB,IAAA,CAAAqB,KAAA,OAAAC,SAAA;EAAA;AAAA,IAAC,CAAC;;AAEH;AACA;AACA;AACA;AACA;AACA;AACA;AACA;AACA;AACA;AACA;AACA;AACA;AACA;AACA;AACA5B,MAAM,CAACI,GAAG,CAAC,cAAc,EAAE,IAAAC,+BAAY;EAAA,IAAAwB,KAAA,OAAAtB,kBAAA,2BAAAC,YAAA,YAAAC,IAAA,CAAC,SAAAqB,SAAOnB,GAAG,EAAEC,GAAG;IAAA,IAAAmB,EAAA,EAAAC,YAAA;IAAA,OAAAxB,YAAA,YAAAM,IAAA,UAAAmB,UAAAC,SAAA;MAAA,kBAAAA,SAAA,CAAAjB,IAAA,GAAAiB,SAAA,CAAAhB,IAAA;QAAA;UAAA,KAC/Cf,KAAK,CAACgC,IAAI,CAACxB,GAAG,CAACyB,MAAM,CAACL,EAAE,CAAC;YAAAG,SAAA,CAAAhB,IAAA;YAAA;UAAA;UACnBa,EAAE,GAAGM,QAAQ,CAAC1B,GAAG,CAACyB,MAAM,CAACL,EAAE,CAAC;UAAAG,SAAA,CAAAhB,IAAA;UAAA,OACP,IAAAoB,wBAAe,EAACP,EAAE,CAAC;QAAA;UAAxCC,YAAY,GAAAE,SAAA,CAAAb,IAAA;UAClBT,GAAG,CAACU,MAAM,CAAC,GAAG,CAAC,CAACC,IAAI,CAACS,YAAY,CAAC;UAACE,SAAA,CAAAhB,IAAA;UAAA;QAAA;UAGnCN,GAAG,CAACU,MAAM,CAAC,GAAG,CAAC,CAACC,IAAI,CAAC;YAAEgB,OAAO,EAAE,gDAAgD;YAAEC,WAAW,EAAE;UAAI,CAAC,CAAC;QAAA;QAAA;UAAA,OAAAN,SAAA,CAAAV,IAAA;MAAA;IAAA,GAAAM,QAAA;EAAA,CAE5G;EAAA,iBAAAW,GAAA,EAAAC,GAAA;IAAA,OAAAb,KAAA,CAAAF,KAAA,OAAAC,SAAA;EAAA;AAAA,IAAC,CAAC;;AAIH;AACA;AACA;AACA;AACA;AACA;AACA;AACA;AACA;AACA;AACA;AACA;AACA;AACA;AACA;AACA5B,MAAM,CAAC2C,IAAI,CAAC,cAAc,EAAE,IAAAtC,+BAAY;EAAA,IAAAuC,KAAA,OAAArC,kBAAA,2BAAAC,YAAA,YAAAC,IAAA,CAAC,SAAAoC,SAAOlC,GAAG,EAAEC,GAAG;IAAA,IAAAmB,EAAA,EAAAC,YAAA;IAAA,OAAAxB,YAAA,YAAAM,IAAA,UAAAgC,UAAAC,SAAA;MAAA,kBAAAA,SAAA,CAAA9B,IAAA,GAAA8B,SAAA,CAAA7B,IAAA;QAAA;UAC9Ca,EAAE,GAAGM,QAAQ,CAAC1B,GAAG,CAACyB,MAAM,CAACL,EAAE,CAAC;UAAAgB,SAAA,CAAA7B,IAAA;UAAA,OACP,IAAAoB,wBAAe,EAACP,EAAE,CAAC;QAAA;UAAxCC,YAAY,GAAAe,SAAA,CAAA1B,IAAA;UAElB,IAAIW,YAAY,CAACD,EAAE,IAAIA,EAAE,EAAE;YACvBpB,GAAG,CAACqC,IAAI,CAACC,UAAU,GAAG,IAAIC,IAAI,CAAC,CAAC;YAChCvC,GAAG,CAACqC,IAAI,CAACG,UAAU,GAAG,IAAID,IAAI,CAAC,CAAC;YAChCvC,GAAG,CAACqC,IAAI,CAACjB,EAAE,GAAG,IAAAqB,kBAAM,EAAC,CAAC;YACtBpB,YAAY,CAACqB,OAAO,CAACC,IAAI,CAAC3C,GAAG,CAACqC,IAAI,CAAC,CAAC,CAAC;YACrCpC,GAAG,CAACU,MAAM,CAAC,GAAG,CAAC,CAACC,IAAI,CAACZ,GAAG,CAACqC,IAAI,CAAC;UAClC,CAAC,MAAM;YACHpC,GAAG,CAACU,MAAM,CAAC,GAAG,CAAC,CAACC,IAAI,CAAC;cACjBgB,OAAO,EAAE,gDAAgD;cACzDC,WAAW,EAAE;YACjB,CAAC,CAAC;UACN;QAAC;QAAA;UAAA,OAAAO,SAAA,CAAAvB,IAAA;MAAA;IAAA,GAAAqB,QAAA;EAAA,CACJ;EAAA,iBAAAU,GAAA,EAAAC,GAAA;IAAA,OAAAZ,KAAA,CAAAjB,KAAA,OAAAC,SAAA;EAAA;AAAA,IAAC,CAAC;AACH;AACA;AACA;AACA;AACA;AACA;AACA;AACA;AACA;AACA;AACA;AACA;AACA;AACA;AACA;AACA;AACA;AACA;AACA;AACA;AACA;AACA;AACA;AACA;AACA;AACA;AACA5B,MAAM,CAACI,GAAG,CAAC,qBAAqB,EAAE,IAAAC,+BAAY;EAAA,IAAAoD,KAAA,OAAAlD,kBAAA,2BAAAC,YAAA,YAAAC,IAAA,CAAC,SAAAiD,SAAO/C,GAAG,EAAEC,GAAG;IAAA,IAAA+C,IAAA,EAAAC,aAAA;IAAA,OAAApD,YAAA,YAAAM,IAAA,UAAA+C,UAAAC,SAAA;MAAA,kBAAAA,SAAA,CAAA7C,IAAA,GAAA6C,SAAA,CAAA5C,IAAA;QAAA;UAAA,KACtDf,KAAK,CAACgC,IAAI,CAACxB,GAAG,CAACyB,MAAM,CAACuB,IAAI,CAAC;YAAAG,SAAA,CAAA5C,IAAA;YAAA;UAAA;UACrByC,IAAI,GAAGtB,QAAQ,CAAC1B,GAAG,CAACyB,MAAM,CAACuB,IAAI,CAAC;UAAAG,SAAA,CAAA5C,IAAA;UAAA,OACV,IAAA6C,yBAAgB,EAACJ,IAAI,CAAC;QAAA;UAA5CC,aAAa,GAAAE,SAAA,CAAAzC,IAAA;UACnBT,GAAG,CAACU,MAAM,CAAC,GAAG,CAAC,CAACC,IAAI,CAACqC,aAAa,CAAC;UAACE,SAAA,CAAA5C,IAAA;UAAA;QAAA;UAGpCN,GAAG,CAACU,MAAM,CAAC,GAAG,CAAC,CAACC,IAAI,CAAC;YAAEgB,OAAO,EAAE,oBAAoB;YAAEC,WAAW,EAAE;UAAI,CAAC,CAAC;QAAA;QAAA;UAAA,OAAAsB,SAAA,CAAAtC,IAAA;MAAA;IAAA,GAAAkC,QAAA;EAAA,CAEhF;EAAA,iBAAAM,GAAA,EAAAC,GAAA;IAAA,OAAAR,KAAA,CAAA9B,KAAA,OAAAC,SAAA;EAAA;AAAA,IAAC,CAAC;;AAEH;AACA;AACA;AACA;AACA;AACA;AACA;AACA;AACA;AACA;AACA;AACA;AACA;AACA;AACA;AACA;AACA;AACA;AACA;AACA;AACA;AACA;AACA;AACA;AACA;AACA;AACA5B,MAAM,CAACI,GAAG,CAAC,sBAAsB,EAAE,IAAAC,+BAAY;EAAA,IAAA6D,KAAA,OAAA3D,kBAAA,2BAAAC,YAAA,YAAAC,IAAA,CAAC,SAAA0D,SAAOxD,GAAG,EAAEC,GAAG;IAAA,IAAA+C,IAAA,EAAAS,cAAA;IAAA,OAAA5D,YAAA,YAAAM,IAAA,UAAAuD,UAAAC,SAAA;MAAA,kBAAAA,SAAA,CAAArD,IAAA,GAAAqD,SAAA,CAAApD,IAAA;QAAA;UAAA,KACvDf,KAAK,CAACgC,IAAI,CAACxB,GAAG,CAACyB,MAAM,CAACuB,IAAI,CAAC;YAAAW,SAAA,CAAApD,IAAA;YAAA;UAAA;UACrByC,IAAI,GAAGtB,QAAQ,CAAC1B,GAAG,CAACyB,MAAM,CAACuB,IAAI,CAAC;UAAAW,SAAA,CAAArD,IAAA;UAAAqD,SAAA,CAAApD,IAAA;UAAA,OAEL,IAAAqD,0BAAiB,EAACZ,IAAI,CAAC;QAAA;UAA9CS,cAAc,GAAAE,SAAA,CAAAjD,IAAA;UACpBT,GAAG,CAACU,MAAM,CAAC,GAAG,CAAC,CAACC,IAAI,CAAC6C,cAAc,CAAC;UAACE,SAAA,CAAApD,IAAA;UAAA;QAAA;UAAAoD,SAAA,CAAArD,IAAA;UAAAqD,SAAA,CAAAE,EAAA,GAAAF,SAAA;UAErCG,OAAO,CAACC,KAAK,CAAC,6BAA6B,EAAAJ,SAAA,CAAAE,EAAO,CAAC;UACnD5D,GAAG,CAACU,MAAM,CAAC,GAAG,CAAC,CAACC,IAAI,CAAC;YAAEgB,OAAO,EAAE,uBAAuB;YAAEC,WAAW,EAAE,GAAG;YAAEkC,KAAK,EAAEJ,SAAA,CAAAE,EAAA,CAAMjC;UAAQ,CAAC,CAAC;QAAC;UAAA+B,SAAA,CAAApD,IAAA;UAAA;QAAA;UAGvGN,GAAG,CAACU,MAAM,CAAC,GAAG,CAAC,CAACC,IAAI,CAAC;YAAEgB,OAAO,EAAE,oBAAoB;YAAEC,WAAW,EAAE;UAAI,CAAC,CAAC;QAAC;QAAA;UAAA,OAAA8B,SAAA,CAAA9C,IAAA;MAAA;IAAA,GAAA2C,QAAA;EAAA,CAEjF;EAAA,iBAAAQ,GAAA,EAAAC,IAAA;IAAA,OAAAV,KAAA,CAAAvC,KAAA,OAAAC,SAAA;EAAA;AAAA,IAAC,CAAC;;AAEH;AACA;AACA;AACA;AACA;AACA;AACA;AACA;AACA;AACA;AACA;AACA;AACA;AACA;AACA;AACA;AACA;AACA;AACA;AACA;AACA;AACA;AACA;AACA;AACA;AACA;AACA5B,MAAM,CAACI,GAAG,CAAC,sBAAsB,EAAE,IAAAC,+BAAY;EAAA,IAAAwE,KAAA,OAAAtE,kBAAA,2BAAAC,YAAA,YAAAC,IAAA,CAAC,SAAAqE,SAAOnE,GAAG,EAAEC,GAAG;IAAA,IAAA+C,IAAA,EAAAoB,cAAA;IAAA,OAAAvE,YAAA,YAAAM,IAAA,UAAAkE,UAAAC,SAAA;MAAA,kBAAAA,SAAA,CAAAhE,IAAA,GAAAgE,SAAA,CAAA/D,IAAA;QAAA;UAAA,KACvDf,KAAK,CAACgC,IAAI,CAACxB,GAAG,CAACyB,MAAM,CAACuB,IAAI,CAAC;YAAAsB,SAAA,CAAA/D,IAAA;YAAA;UAAA;UACrByC,IAAI,GAAGtB,QAAQ,CAAC1B,GAAG,CAACyB,MAAM,CAACuB,IAAI,CAAC;UAAAsB,SAAA,CAAA/D,IAAA;UAAA,OACT,IAAAgE,0BAAiB,EAACvB,IAAI,CAAC;QAAA;UAA9CoB,cAAc,GAAAE,SAAA,CAAA5D,IAAA;UACpBT,GAAG,CAACU,MAAM,CAAC,GAAG,CAAC,CAACC,IAAI,CAACwD,cAAc,CAAC;UAACE,SAAA,CAAA/D,IAAA;UAAA;QAAA;UAGrCN,GAAG,CAACU,MAAM,CAAC,GAAG,CAAC,CAACC,IAAI,CAAC;YAAEgB,OAAO,EAAE,oBAAoB;YAAEC,WAAW,EAAE;UAAI,CAAC,CAAC;QAAA;QAAA;UAAA,OAAAyC,SAAA,CAAAzD,IAAA;MAAA;IAAA,GAAAsD,QAAA;EAAA,CAEhF;EAAA,iBAAAK,IAAA,EAAAC,IAAA;IAAA,OAAAP,KAAA,CAAAlD,KAAA,OAAAC,SAAA;EAAA;AAAA,IAAC,CAAC;;AAEH;AACA;AACA;AACA;AACA;AACA;AACA;AACA;AACA;AACA;AACA;AACA;AACA;AACA;AACA5B,MAAM,CAACI,GAAG,CAAC,cAAc,EAAE,IAAAC,+BAAY;EAAA,IAAAgF,KAAA,OAAA9E,kBAAA,2BAAAC,YAAA,YAAAC,IAAA,CAAC,SAAA6E,SAAO3E,GAAG,EAAEC,GAAG;IAAA,IAAA2E,MAAA;IAAA,OAAA/E,YAAA,YAAAM,IAAA,UAAA0E,UAAAC,SAAA;MAAA,kBAAAA,SAAA,CAAAxE,IAAA,GAAAwE,SAAA,CAAAvE,IAAA;QAAA;UAAAuE,SAAA,CAAAvE,IAAA;UAAA,OAC9B,IAAAwE,kBAAS,EAAC,CAAC;QAAA;UAA1BH,MAAM,GAAAE,SAAA,CAAApE,IAAA;UACZT,GAAG,CAACU,MAAM,CAAC,GAAG,CAAC,CAACC,IAAI,CAACgE,MAAM,CAAC;QAAC;QAAA;UAAA,OAAAE,SAAA,CAAAjE,IAAA;MAAA;IAAA,GAAA8D,QAAA;EAAA,CAChC;EAAA,iBAAAK,IAAA,EAAAC,IAAA;IAAA,OAAAP,KAAA,CAAA1D,KAAA,OAAAC,SAAA;EAAA;AAAA,IAAC,CAAC;;AAEH;AACA;AACA;AACA;AACA;AACA;AACA;AACA;AACA;AACA;AACA;AACA;AACA;AACA;AACA;AACA;AACA;AACA;AACA;AACA;AACA;AACA;AACA;AACA;AACA;AACA;AACA;AACA;AACA5B,MAAM,CAACI,GAAG,CAAC,WAAW,EAAE,IAAAC,+BAAY;EAAA,IAAAwF,KAAA,OAAAtF,kBAAA,2BAAAC,YAAA,YAAAC,IAAA,CAAC,SAAAqF,SAAOnF,GAAG,EAAEC,GAAG;IAAA,IAAAmB,EAAA,EAAAgE,KAAA;IAAA,OAAAvF,YAAA,YAAAM,IAAA,UAAAkF,UAAAC,SAAA;MAAA,kBAAAA,SAAA,CAAAhF,IAAA,GAAAgF,SAAA,CAAA/E,IAAA;QAAA;UAC1Ca,EAAE,GAAGM,QAAQ,CAAC1B,GAAG,CAACyB,MAAM,CAACL,EAAE,CAAC;UAAAkE,SAAA,CAAA/E,IAAA;UAAA,OACdC,sBAAU,CAAC+E,eAAe,CAACnE,EAAE,CAAC;QAAA;UAA5CgE,KAAK,GAAAE,SAAA,CAAA5E,IAAA;UACX,IAAI0E,KAAK,EAAE;YACPnF,GAAG,CAACU,MAAM,CAAC,GAAG,CAAC,CAACC,IAAI,CAACwE,KAAK,CAAC;UAC/B,CAAC,MAAM;YACHnF,GAAG,CAACU,MAAM,CAAC,GAAG,CAAC,CAACC,IAAI,CAAC;cAAEgB,OAAO,EAAE,gDAAgD;cAAEC,WAAW,EAAE;YAAI,CAAC,CAAC;UACzG;QAAC;QAAA;UAAA,OAAAyD,SAAA,CAAAzE,IAAA;MAAA;IAAA,GAAAsE,QAAA;EAAA,CACJ;EAAA,iBAAAK,IAAA,EAAAC,IAAA;IAAA,OAAAP,KAAA,CAAAlE,KAAA,OAAAC,SAAA;EAAA;AAAA,IAAC,CAAC;;AAGH;AACA;AACA;AACA;AACA;AACA;AACA;AACA;AACA;AACA;AACA;AACA;AACA;AACA;AACA5B,MAAM,CAACI,GAAG,CAAC,yBAAyB,EAAE,IAAAC,+BAAY;EAAA,IAAAgG,KAAA,OAAA9F,kBAAA,2BAAAC,YAAA,YAAAC,IAAA,CAAC,SAAA6F,SAAO3F,GAAG,EAAEC,GAAG;IAAA,IAAAmB,EAAA,EAAAwE,OAAA;IAAA,OAAA/F,YAAA,YAAAM,IAAA,UAAA0F,UAAAC,SAAA;MAAA,kBAAAA,SAAA,CAAAxF,IAAA,GAAAwF,SAAA,CAAAvF,IAAA;QAAA;UACxDa,EAAE,GAAGM,QAAQ,CAAC1B,GAAG,CAACyB,MAAM,CAACL,EAAE,CAAC;UAAA,IAC7B5B,KAAK,CAACgC,IAAI,CAACJ,EAAE,CAAC;YAAA0E,SAAA,CAAAvF,IAAA;YAAA;UAAA;UACfN,GAAG,CAACU,MAAM,CAAC,GAAG,CAAC,CAACC,IAAI,CAAC;YAAEgB,OAAO,EAAE,gDAAgD;YAAEC,WAAW,EAAE;UAAI,CAAC,CAAC;UAACiE,SAAA,CAAAvF,IAAA;UAAA;QAAA;UAAAuF,SAAA,CAAAvF,IAAA;UAAA,OAGhF,IAAAwF,wBAAe,EAAC3E,EAAE,CAAC;QAAA;UAAnCwE,OAAO,GAAAE,SAAA,CAAApF,IAAA;UACbT,GAAG,CAACU,MAAM,CAAC,GAAG,CAAC,CAACC,IAAI,CAACgF,OAAO,CAAC;QAAC;QAAA;UAAA,OAAAE,SAAA,CAAAjF,IAAA;MAAA;IAAA,GAAA8E,QAAA;EAAA,CAErC;EAAA,iBAAAK,IAAA,EAAAC,IAAA;IAAA,OAAAP,KAAA,CAAA1E,KAAA,OAAAC,SAAA;EAAA;AAAA,IAAC,CAAC;;AAEH;AACA;AACA;AACA;AACA;AACA;AACA;AACA;AACA;AACA;AACA;AACA;AACA;AACA;AACA;AACA;AACA;AACA;AACA;AACA;AACA;AACA;AACA;AACA;AACA;AACA;AACA;AACA;AACA5B,MAAM,CAACI,GAAG,CAAC,kBAAkB,EAAE,IAAAC,+BAAY;EAAA,IAAAwG,MAAA,OAAAtG,kBAAA,2BAAAC,YAAA,YAAAC,IAAA,CAAC,SAAAqG,UAAOnG,GAAG,EAAEC,GAAG;IAAA,IAAAmB,EAAA,EAAAgF,MAAA;IAAA,OAAAvG,YAAA,YAAAM,IAAA,UAAAkG,WAAAC,UAAA;MAAA,kBAAAA,UAAA,CAAAhG,IAAA,GAAAgG,UAAA,CAAA/F,IAAA;QAAA;UACjDa,EAAE,GAAGM,QAAQ,CAAC1B,GAAG,CAACyB,MAAM,CAACL,EAAE,CAAC;UAAA,IAC7B5B,KAAK,CAACgC,IAAI,CAACJ,EAAE,CAAC;YAAAkF,UAAA,CAAA/F,IAAA;YAAA;UAAA;UACfN,GAAG,CAACU,MAAM,CAAC,GAAG,CAAC,CAACC,IAAI,CAAC;YAAEgB,OAAO,EAAE,gDAAgD;YAAEC,WAAW,EAAE;UAAI,CAAC,CAAC;UAACyE,UAAA,CAAA/F,IAAA;UAAA;QAAA;UAAA+F,UAAA,CAAA/F,IAAA;UAAA,OAGjF,IAAAgG,uBAAc,EAACnF,EAAE,CAAC;QAAA;UAAjCgF,MAAM,GAAAE,UAAA,CAAA5F,IAAA;UACZT,GAAG,CAACU,MAAM,CAAC,GAAG,CAAC,CAACC,IAAI,CAACwF,MAAM,CAAC;QAAC;QAAA;UAAA,OAAAE,UAAA,CAAAzF,IAAA;MAAA;IAAA,GAAAsF,SAAA;EAAA,CAEpC;EAAA,iBAAAK,IAAA,EAAAC,IAAA;IAAA,OAAAP,MAAA,CAAAlF,KAAA,OAAAC,SAAA;EAAA;AAAA,IAAC,CAAC;AAAC,IAAAyF,QAAA,GAAAC,OAAA,cAGWtH,MAAM"},"_coverageSchema":"1a1c01bbd47fc00a2c39e90264f33305004495a9","hash":"f3567943c0f541fc7f0909d183fc874a813e2542","contentHash":"52def340c45224f1303f7b090d65ec4fc2773fcaed4dacdb7d59b783e11adc1b"},"D:\\大四\\movies-api-CA2\\movies-api-cicd\\api\\movies\\movieModel.js":{"path":"D:\\大四\\movies-api-CA2\\movies-api-cicd\\api\\movies\\movieModel.js","statementMap":{"0":{"start":{"line":3,"column":29},"end":{"line":3,"column":84}},"1":{"start":{"line":4,"column":0},"end":{"line":6,"column":3}},"2":{"start":{"line":7,"column":0},"end":{"line":7,"column":28}},"3":{"start":{"line":8,"column":16},"end":{"line":8,"column":59}},"4":{"start":{"line":9,"column":13},"end":{"line":9,"column":40}},"5":{"start":{"line":10,"column":18},"end":{"line":80,"column":2}},"6":{"start":{"line":81,"column":0},"end":{"line":85,"column":2}},"7":{"start":{"line":82,"column":2},"end":{"line":84,"column":5}},"8":{"start":{"line":86,"column":15},"end":{"line":86,"column":85}}},"fnMap":{"0":{"name":"(anonymous_0)","decl":{"start":{"line":81,"column":38},"end":{"line":81,"column":39}},"loc":{"start":{"line":81,"column":52},"end":{"line":85,"column":1}},"line":81}},"branchMap":{},"s":{"0":1,"1":1,"2":1,"3":1,"4":1,"5":1,"6":1,"7":2,"8":1},"f":{"0":2},"b":{},"inputSourceMap":{"version":3,"names":["_mongoose","_interopRequireDefault","require","Schema","mongoose","MovieSchema","adult","type","Boolean","id","Number","required","unique","poster_path","String","overview","release_date","original_title","genre_ids","original_language","title","backdrop_path","popularity","vote_count","video","vote_average","production_countries","iso_3166_1","name","runtime","spoken_languages","iso_639_1","status","tagline","statics","findByMovieDBId","findOne","_default","exports","model"],"sourceRoot":"D:\\大四\\movies-api-CA2\\movies-api-cicd\\api\\movies\\","sources":["movieModel.js"],"sourcesContent":["import mongoose from 'mongoose';\r\n\r\nconst Schema = mongoose.Schema;\r\n\r\n\r\nconst MovieSchema = new Schema({\r\n  adult: { type: Boolean },\r\n  id: { type: Number, required: true, unique: true },\r\n  poster_path: { type: String },\r\n  overview: { type: String },\r\n  release_date: { type: String },\r\n  original_title: { type: String },\r\n  genre_ids: [{ type: Number }],\r\n  original_language: { type: String },\r\n  title: { type: String },\r\n  backdrop_path: { type: String },\r\n  popularity: { type: Number },\r\n  vote_count: { type: Number },\r\n  video: { type: Boolean },\r\n  vote_average: { type: Number },\r\n  production_countries: [{\r\n    iso_3166_1: { type: String },\r\n    name: { type: String }\r\n  }],\r\n  runtime: { type: Number },\r\n  spoken_languages: [{\r\n    iso_639_1: { type: String },\r\n    name: { type: String }\r\n  }],\r\n  status: { type: String },\r\n  tagline: { type: String }\r\n});\r\n\r\nMovieSchema.statics.findByMovieDBId = function (id) {\r\n  return this.findOne({ id: id });\r\n};\r\n\r\nexport default mongoose.model('Movies', MovieSchema);"],"mappings":";;;;;;;AAAA,IAAAA,SAAA,GAAAC,sBAAA,CAAAC,OAAA;AAEA,IAAMC,MAAM,GAAGC,oBAAQ,CAACD,MAAM;AAG9B,IAAME,WAAW,GAAG,IAAIF,MAAM,CAAC;EAC7BG,KAAK,EAAE;IAAEC,IAAI,EAAEC;EAAQ,CAAC;EACxBC,EAAE,EAAE;IAAEF,IAAI,EAAEG,MAAM;IAAEC,QAAQ,EAAE,IAAI;IAAEC,MAAM,EAAE;EAAK,CAAC;EAClDC,WAAW,EAAE;IAAEN,IAAI,EAAEO;EAAO,CAAC;EAC7BC,QAAQ,EAAE;IAAER,IAAI,EAAEO;EAAO,CAAC;EAC1BE,YAAY,EAAE;IAAET,IAAI,EAAEO;EAAO,CAAC;EAC9BG,cAAc,EAAE;IAAEV,IAAI,EAAEO;EAAO,CAAC;EAChCI,SAAS,EAAE,CAAC;IAAEX,IAAI,EAAEG;EAAO,CAAC,CAAC;EAC7BS,iBAAiB,EAAE;IAAEZ,IAAI,EAAEO;EAAO,CAAC;EACnCM,KAAK,EAAE;IAAEb,IAAI,EAAEO;EAAO,CAAC;EACvBO,aAAa,EAAE;IAAEd,IAAI,EAAEO;EAAO,CAAC;EAC/BQ,UAAU,EAAE;IAAEf,IAAI,EAAEG;EAAO,CAAC;EAC5Ba,UAAU,EAAE;IAAEhB,IAAI,EAAEG;EAAO,CAAC;EAC5Bc,KAAK,EAAE;IAAEjB,IAAI,EAAEC;EAAQ,CAAC;EACxBiB,YAAY,EAAE;IAAElB,IAAI,EAAEG;EAAO,CAAC;EAC9BgB,oBAAoB,EAAE,CAAC;IACrBC,UAAU,EAAE;MAAEpB,IAAI,EAAEO;IAAO,CAAC;IAC5Bc,IAAI,EAAE;MAAErB,IAAI,EAAEO;IAAO;EACvB,CAAC,CAAC;EACFe,OAAO,EAAE;IAAEtB,IAAI,EAAEG;EAAO,CAAC;EACzBoB,gBAAgB,EAAE,CAAC;IACjBC,SAAS,EAAE;MAAExB,IAAI,EAAEO;IAAO,CAAC;IAC3Bc,IAAI,EAAE;MAAErB,IAAI,EAAEO;IAAO;EACvB,CAAC,CAAC;EACFkB,MAAM,EAAE;IAAEzB,IAAI,EAAEO;EAAO,CAAC;EACxBmB,OAAO,EAAE;IAAE1B,IAAI,EAAEO;EAAO;AAC1B,CAAC,CAAC;AAEFT,WAAW,CAAC6B,OAAO,CAACC,eAAe,GAAG,UAAU1B,EAAE,EAAE;EAClD,OAAO,IAAI,CAAC2B,OAAO,CAAC;IAAE3B,EAAE,EAAEA;EAAG,CAAC,CAAC;AACjC,CAAC;AAAC,IAAA4B,QAAA,GAAAC,OAAA,cAEalC,oBAAQ,CAACmC,KAAK,CAAC,QAAQ,EAAElC,WAAW,CAAC"},"_coverageSchema":"1a1c01bbd47fc00a2c39e90264f33305004495a9","hash":"9a3e20d2c7c279cc1ab64eb71732a4353384814f","contentHash":"ceb45bc525cf4c74ad024c198c63fc197e17e5581ef4b22269284a6e4145e9d5"},"D:\\大四\\movies-api-CA2\\movies-api-cicd\\api\\tmdb-api.js":{"path":"D:\\大四\\movies-api-CA2\\movies-api-cicd\\api\\tmdb-api.js","statementMap":{"0":{"start":{"line":3,"column":29},"end":{"line":3,"column":84}},"1":{"start":{"line":4,"column":0},"end":{"line":6,"column":3}},"2":{"start":{"line":7,"column":0},"end":{"line":7,"column":304}},"3":{"start":{"line":8,"column":19},"end":{"line":8,"column":80}},"4":{"start":{"line":9,"column":25},"end":{"line":9,"column":99}},"5":{"start":{"line":10,"column":17},"end":{"line":10,"column":62}},"6":{"start":{"line":11,"column":15},"end":{"line":45,"column":3}},"7":{"start":{"line":12,"column":13},"end":{"line":41,"column":5}},"8":{"start":{"line":14,"column":4},"end":{"line":40,"column":33}},"9":{"start":{"line":15,"column":6},"end":{"line":39,"column":7}},"10":{"start":{"line":15,"column":16},"end":{"line":39,"column":7}},"11":{"start":{"line":17,"column":10},"end":{"line":17,"column":28}},"12":{"start":{"line":18,"column":10},"end":{"line":18,"column":28}},"13":{"start":{"line":19,"column":10},"end":{"line":19,"column":146}},"14":{"start":{"line":21,"column":10},"end":{"line":21,"column":35}},"15":{"start":{"line":22,"column":10},"end":{"line":25,"column":11}},"16":{"start":{"line":23,"column":12},"end":{"line":23,"column":30}},"17":{"start":{"line":24,"column":12},"end":{"line":24,"column":18}},"18":{"start":{"line":26,"column":10},"end":{"line":26,"column":51}},"19":{"start":{"line":28,"column":10},"end":{"line":28,"column":28}},"20":{"start":{"line":29,"column":10},"end":{"line":29,"column":33}},"21":{"start":{"line":31,"column":10},"end":{"line":31,"column":58}},"22":{"start":{"line":33,"column":10},"end":{"line":33,"column":29}},"23":{"start":{"line":34,"column":10},"end":{"line":34,"column":45}},"24":{"start":{"line":35,"column":10},"end":{"line":35,"column":28}},"25":{"start":{"line":38,"column":10},"end":{"line":38,"column":33}},"26":{"start":{"line":42,"column":2},"end":{"line":44,"column":4}},"27":{"start":{"line":43,"column":4},"end":{"line":43,"column":39}},"28":{"start":{"line":46,"column":23},"end":{"line":52,"column":1}},"29":{"start":{"line":47,"column":2},"end":{"line":51,"column":5}},"30":{"start":{"line":48,"column":4},"end":{"line":48,"column":27}},"31":{"start":{"line":50,"column":4},"end":{"line":50,"column":16}},"32":{"start":{"line":53,"column":24},"end":{"line":72,"column":1}},"33":{"start":{"line":54,"column":2},"end":{"line":71,"column":5}},"34":{"start":{"line":55,"column":16},"end":{"line":65,"column":7}},"35":{"start":{"line":56,"column":6},"end":{"line":64,"column":19}},"36":{"start":{"line":57,"column":8},"end":{"line":63,"column":9}},"37":{"start":{"line":57,"column":18},"end":{"line":63,"column":9}},"38":{"start":{"line":59,"column":12},"end":{"line":59,"column":63}},"39":{"start":{"line":62,"column":12},"end":{"line":62,"column":36}},"40":{"start":{"line":66,"column":4},"end":{"line":68,"column":6}},"41":{"start":{"line":67,"column":6},"end":{"line":67,"column":42}},"42":{"start":{"line":70,"column":4},"end":{"line":70,"column":16}},"43":{"start":{"line":73,"column":24},"end":{"line":79,"column":1}},"44":{"start":{"line":74,"column":2},"end":{"line":78,"column":5}},"45":{"start":{"line":75,"column":4},"end":{"line":75,"column":27}},"46":{"start":{"line":77,"column":4},"end":{"line":77,"column":16}},"47":{"start":{"line":80,"column":16},"end":{"line":114,"column":3}},"48":{"start":{"line":81,"column":14},"end":{"line":110,"column":5}},"49":{"start":{"line":83,"column":4},"end":{"line":109,"column":34}},"50":{"start":{"line":84,"column":6},"end":{"line":108,"column":7}},"51":{"start":{"line":84,"column":16},"end":{"line":108,"column":7}},"52":{"start":{"line":86,"column":10},"end":{"line":86,"column":29}},"53":{"start":{"line":87,"column":10},"end":{"line":87,"column":29}},"54":{"start":{"line":88,"column":10},"end":{"line":88,"column":141}},"55":{"start":{"line":90,"column":10},"end":{"line":90,"column":36}},"56":{"start":{"line":91,"column":10},"end":{"line":94,"column":11}},"57":{"start":{"line":92,"column":12},"end":{"line":92,"column":31}},"58":{"start":{"line":93,"column":12},"end":{"line":93,"column":18}},"59":{"start":{"line":95,"column":10},"end":{"line":95,"column":51}},"60":{"start":{"line":97,"column":10},"end":{"line":97,"column":29}},"61":{"start":{"line":98,"column":10},"end":{"line":98,"column":33}},"62":{"start":{"line":100,"column":10},"end":{"line":100,"column":60}},"63":{"start":{"line":102,"column":10},"end":{"line":102,"column":30}},"64":{"start":{"line":103,"column":10},"end":{"line":103,"column":47}},"65":{"start":{"line":104,"column":10},"end":{"line":104,"column":29}},"66":{"start":{"line":107,"column":10},"end":{"line":107,"column":34}},"67":{"start":{"line":111,"column":2},"end":{"line":113,"column":4}},"68":{"start":{"line":112,"column":4},"end":{"line":112,"column":40}},"69":{"start":{"line":115,"column":22},"end":{"line":149,"column":3}},"70":{"start":{"line":116,"column":14},"end":{"line":145,"column":5}},"71":{"start":{"line":118,"column":4},"end":{"line":144,"column":34}},"72":{"start":{"line":119,"column":6},"end":{"line":143,"column":7}},"73":{"start":{"line":119,"column":16},"end":{"line":143,"column":7}},"74":{"start":{"line":121,"column":10},"end":{"line":121,"column":29}},"75":{"start":{"line":122,"column":10},"end":{"line":122,"column":29}},"76":{"start":{"line":123,"column":10},"end":{"line":123,"column":154}},"77":{"start":{"line":125,"column":10},"end":{"line":125,"column":36}},"78":{"start":{"line":126,"column":10},"end":{"line":129,"column":11}},"79":{"start":{"line":127,"column":12},"end":{"line":127,"column":31}},"80":{"start":{"line":128,"column":12},"end":{"line":128,"column":18}},"81":{"start":{"line":130,"column":10},"end":{"line":130,"column":51}},"82":{"start":{"line":132,"column":10},"end":{"line":132,"column":29}},"83":{"start":{"line":133,"column":10},"end":{"line":133,"column":33}},"84":{"start":{"line":135,"column":10},"end":{"line":135,"column":60}},"85":{"start":{"line":137,"column":10},"end":{"line":137,"column":30}},"86":{"start":{"line":138,"column":10},"end":{"line":138,"column":47}},"87":{"start":{"line":139,"column":10},"end":{"line":139,"column":29}},"88":{"start":{"line":142,"column":10},"end":{"line":142,"column":34}},"89":{"start":{"line":146,"column":2},"end":{"line":148,"column":4}},"90":{"start":{"line":147,"column":4},"end":{"line":147,"column":40}},"91":{"start":{"line":150,"column":21},"end":{"line":184,"column":3}},"92":{"start":{"line":151,"column":14},"end":{"line":180,"column":5}},"93":{"start":{"line":153,"column":4},"end":{"line":179,"column":34}},"94":{"start":{"line":154,"column":6},"end":{"line":178,"column":7}},"95":{"start":{"line":154,"column":16},"end":{"line":178,"column":7}},"96":{"start":{"line":156,"column":10},"end":{"line":156,"column":29}},"97":{"start":{"line":157,"column":10},"end":{"line":157,"column":29}},"98":{"start":{"line":158,"column":10},"end":{"line":158,"column":153}},"99":{"start":{"line":160,"column":10},"end":{"line":160,"column":36}},"100":{"start":{"line":161,"column":10},"end":{"line":164,"column":11}},"101":{"start":{"line":162,"column":12},"end":{"line":162,"column":31}},"102":{"start":{"line":163,"column":12},"end":{"line":163,"column":18}},"103":{"start":{"line":165,"column":10},"end":{"line":165,"column":51}},"104":{"start":{"line":167,"column":10},"end":{"line":167,"column":29}},"105":{"start":{"line":168,"column":10},"end":{"line":168,"column":33}},"106":{"start":{"line":170,"column":10},"end":{"line":170,"column":60}},"107":{"start":{"line":172,"column":10},"end":{"line":172,"column":30}},"108":{"start":{"line":173,"column":10},"end":{"line":173,"column":47}},"109":{"start":{"line":174,"column":10},"end":{"line":174,"column":29}},"110":{"start":{"line":177,"column":10},"end":{"line":177,"column":34}},"111":{"start":{"line":181,"column":2},"end":{"line":183,"column":4}},"112":{"start":{"line":182,"column":4},"end":{"line":182,"column":40}},"113":{"start":{"line":185,"column":22},"end":{"line":213,"column":3}},"114":{"start":{"line":186,"column":14},"end":{"line":209,"column":5}},"115":{"start":{"line":188,"column":4},"end":{"line":208,"column":33}},"116":{"start":{"line":189,"column":6},"end":{"line":207,"column":7}},"117":{"start":{"line":189,"column":16},"end":{"line":207,"column":7}},"118":{"start":{"line":191,"column":10},"end":{"line":191,"column":29}},"119":{"start":{"line":192,"column":10},"end":{"line":192,"column":29}},"120":{"start":{"line":193,"column":10},"e
[...]
45,"column":8},"end":{"line":146,"column":34}}],"line":136},"6":{"loc":{"start":{"line":173,"column":16},"end":{"line":195,"column":7}},"type":"switch","locations":[{"start":{"line":174,"column":8},"end":{"line":181,"column":57}},{"start":{"line":182,"column":8},"end":{"line":186,"column":16}},{"start":{"line":187,"column":8},"end":{"line":191,"column":13}},{"start":{"line":192,"column":8},"end":{"line":192,"column":15}},{"start":{"line":193,"column":8},"end":{"line":194,"column":34}}],"line":173},"7":{"loc":{"start":{"line":175,"column":10},"end":{"line":178,"column":11}},"type":"if","locations":[{"start":{"line":175,"column":10},"end":{"line":178,"column":11}},{"start":{"line":175,"column":10},"end":{"line":178,"column":11}}],"line":175},"8":{"loc":{"start":{"line":221,"column":16},"end":{"line":243,"column":7}},"type":"switch","locations":[{"start":{"line":222,"column":8},"end":{"line":229,"column":51}},{"start":{"line":230,"column":8},"end":{"line":234,"column":16}},{"start":{"line":235,"column":8},"end":{"line":239,"column":13}},{"start":{"line":240,"column":8},"end":{"line":240,"column":15}},{"start":{"line":241,"column":8},"end":{"line":242,"column":34}}],"line":221},"9":{"loc":{"start":{"line":223,"column":10},"end":{"line":226,"column":11}},"type":"if","locations":[{"start":{"line":223,"column":10},"end":{"line":226,"column":11}},{"start":{"line":223,"column":10},"end":{"line":226,"column":11}}],"line":223}},"s":{"0":1,"1":1,"2":1,"3":1,"4":1,"5":1,"6":1,"7":1,"8":1,"9":1,"10":1,"11":1,"12":1,"13":1,"14":1,"15":2,"16":2,"17":1,"18":1,"19":1,"20":1,"21":1,"22":1,"23":1,"24":1,"25":1,"26":1,"27":1,"28":1,"29":1,"30":1,"31":1,"32":1,"33":1,"34":1,"35":2,"36":3,"37":5,"38":2,"39":1,"40":1,"41":1,"42":1,"43":1,"44":1,"45":1,"46":1,"47":1,"48":1,"49":2,"50":1,"51":2,"52":1,"53":1,"54":1,"55":2,"56":2,"57":1,"58":1,"59":1,"60":1,"61":1,"62":1,"63":1,"64":1,"65":1,"66":1,"67":2,"68":3,"69":5,"70":2,"71":1,"72":1,"73":1,"74":1,"75":1,"76":1,"77":1,"78":1,"79":1,"80":1,"81":2,"82":1,"83":2,"84":1,"85":1,"86":2,"87":3,"88":5,"89":2,"90":1,"91":1,"92":1,"93":1,"94":1,"95":1,"96":1,"97":1,"98":1,"99":1,"100":2,"101":1,"102":2,"103":1},"f":{"0":1,"1":1,"2":2,"3":1,"4":1,"5":2,"6":3,"7":2,"8":1,"9":1,"10":2,"11":1,"12":1,"13":2,"14":3,"15":2,"16":1,"17":2,"18":3,"19":2},"b":{"0":[1,1,1,1],"1":[1,0],"2":[1,0],"3":[2,1,1,2,2],"4":[1,1],"5":[1,1,1,1],"6":[2,1,1,2,2],"7":[1,1],"8":[2,1,1,2,2],"9":[1,1]},"inputSourceMap":{"version":3,"names":["_express","_interopRequireDefault","require","_expressAsyncHandler","_peopleModel","_tmdbApi","router","express","Router","Regex","get","asyncHandler","_ref","_asyncToGenerator2","_regenerator","mark","_callee","req","res","_req$query","_req$query$page","page","_req$query$limit","limit","_ref2","_yield$Promise$all","_yield$Promise$all2","total_results","results","total_pages","returnObject","wrap","_callee$","_context","prev","next","query","Promise","all","peopleModel","estimatedDocumentCount","find","skip","sent","_slicedToArray2","Math","ceil","status","json","stop","_x","_x2","apply","arguments","_ref3","_callee2","people","_callee2$","_context2","test","params","parseInt","getPeople","message","status_code","_x3","_x4","_ref4","_callee3","id","person","_callee3$","_context3","getPerson","_x5","_x6","_ref5","_callee4","peopleMovieCredits","_callee4$","_context4","getPeopleMovieCredits","_x7","_x8","_ref6","_callee5","peopleImages","_callee5$","_context5","getPeopleImages","_x9","_x10","_default","exports"],"sourceRoot":"D:\\大四\\movies-api-CA2\\movies-api-cicd\\api\\people\\","sources":["index.js"],"sourcesContent":["import express from \"express\";\r\nimport asyncHandler from \"express-async-handler\";\r\nimport peopleModel from \"./peopleModel\";\r\nimport { getPeople, getPerson, getPeopleImages, getPeopleMovieCredits } from '../tmdb-api';\r\n\r\nconst router = express.Router();\r\nlet Regex = /^[1-9][0-9]*$/;\r\n\r\n/**,\r\n * @swagger\r\n * /api/people:\r\n *    get:\r\n *      tags:\r\n *       - people\r\n *      summary: \r\n *      produces:\r\n *      - application/json\r\n *      responses:\r\n *        200:\r\n *          description: \"successful operation\"\r\n * */\r\nrouter.get('/', asyncHandler(async (req, res) => {\r\n  let { page = 1, limit = 20 } = req.query; // destructure page and limit and set default values\r\n  [page, limit] = [+page, +limit]; // trick to convert to numeric (req.query will contain string values)\r\n\r\n  // Parallel execution of counting people and getting people using peopleModel\r\n  const [total_results, results] = await Promise.all([\r\n    peopleModel.estimatedDocumentCount(),\r\n    peopleModel.find().limit(limit).skip((page - 1) * limit)\r\n  ]);\r\n  const total_pages = Math.ceil(total_results / limit); // Calculate total number of pages (= total No Docs/Number of docs per page) \r\n\r\n  // Construct return Object and insert into response object\r\n  const returnObject = {\r\n    page,\r\n    total_pages,\r\n    total_results,\r\n    results\r\n  };\r\n  res.status(200).json(returnObject);\r\n}));\r\n\r\n/**,\r\n * @swagger\r\n * /api/people/tmdb/peopleList/:page:\r\n *    get:\r\n *      tags:\r\n *       - people\r\n *      summary: getPeopleList\r\n *      operationId: getPeopleList \r\n *      produces:\r\n *      - application/json\r\n *      responses:\r\n *        200:\r\n *          description: \"successful operation\"\r\n * */\r\nrouter.get('/tmdb/peopleList/:page', asyncHandler(async (req, res) => {\r\n  if (Regex.test(req.params.page)) {\r\n    const page = parseInt(req.params.page);\r\n    const people = await getPeople(page);\r\n    res.status(200).json(people);\r\n  }\r\n  else {\r\n    res.status(404).json({ message: 'Invalid page form.', status_code: 404 })\r\n  }\r\n}));\r\n\r\n/**,\r\n * @swagger\r\n * /api/people/tmdb/:id:\r\n *    get:\r\n *      tags:\r\n *       - people\r\n *      summary: getPeople\r\n *      operationId: getPeople \r\n *      produces:\r\n *      - application/json\r\n *      responses:\r\n *        200:\r\n *          description: \"successful operation\"\r\n * */\r\nrouter.get('/tmdb/:id', asyncHandler(async (req, res) => {\r\n    const id = parseInt(req.params.id);\r\n    const person = await getPerson(id);\r\n    res.status(200).json(person);\r\n}));\r\n\r\n/**,\r\n * @swagger\r\n * /api/people/tmdb/:id/peopleMovieCredits:\r\n *    get:\r\n *      tags:\r\n *       - people\r\n *      summary: getPeopleMovieCredits\r\n *      operationId: getPeopleMovieCredits \r\n *      produces:\r\n *      - application/json\r\n *      responses:\r\n *        200:\r\n *          description: \"successful operation\"\r\n * */\r\nrouter.get('/tmdb/:id/peopleMovieCredits', asyncHandler(async (req, res) => {\r\n  if (Regex.test(req.params.id)) {\r\n  const id = parseInt(req.params.id);\r\n  const peopleMovieCredits = await getPeopleMovieCredits(id);\r\n  res.status(200).json(peopleMovieCredits);  } else {\r\n    res.status(404).json({ message: 'Invalid person id.', status_code: 404 })\r\n  }\r\n}));\r\n\r\n/**,\r\n * @swagger\r\n * /api/people/tmdb/:id/peopleImages:\r\n *    get:\r\n *      tags:\r\n *       - people\r\n *      summary: getPeopleImages\r\n *      operationId: getPeopleImages \r\n *      produces:\r\n *      - application/json\r\n *      responses:\r\n *        200:\r\n *          description: \"successful operation\"\r\n * */\r\nrouter.get('/tmdb/:id/peopleImages', asyncHandler(async (req, res) => {\r\n  if (Regex.test(req.params.id)) {\r\n    const id = parseInt(req.params.id);\r\n    const peopleImages = await getPeopleImages(id);\r\n    res.status(200).json(peopleImages);\r\n  } else {\r\n    res.status(404).json({ message: 'Invalid person id.', status_code: 404 })\r\n  }\r\n}));\r\n\r\nexport default router;\r\n\r\n"],"mappings":";;;;;;;;;;AAAA,IAAAA,QAAA,GAAAC,sBAAA,CAAAC,OAAA;AACA,IAAAC,oBAAA,GAAAF,sBAAA,CAAAC,OAAA;AACA,IAAAE,YAAA,GAAAH,sBAAA,CAAAC,OAAA;AACA,IAAAG,QAAA,GAAAH,OAAA;AAEA,IAAMI,MAAM,GAAGC,mBAAO,CAACC,MAAM,CAAC,CAAC;AAC/B,IAAIC,KAAK,GAAG,eAAe;;AAE3B;AACA;AACA;AACA;AACA;AACA;AACA;AACA;AACA;AACA;AACA;AACA;AACA;AACAH,MAAM,CAACI,GAAG,CAAC,GAAG,EAAE,IAAAC,+BAAY;EAAA,IAAAC,IAAA,OAAAC,kBAAA,2BAAAC,YAAA,YAAAC,IAAA,CAAC,SAAAC,QAAOC,GAAG,EAAEC,GAAG;IAAA,IAAAC,UAAA,EAAAC,eAAA,EAAAC,IAAA,EAAAC,gBAAA,EAAAC,KAAA,EAAAC,KAAA,EAAAC,kBAAA,EAAAC,mBAAA,EAAAC,aAAA,EAAAC,OAAA,EAAAC,WAAA,EAAAC,YAAA;IAAA,OAAAhB,YAAA,YAAAiB,IAAA,UAAAC,SAAAC,QAAA;MAAA,kBAAAA,QAAA,CAAAC,IAAA,GAAAD,QAAA,CAAAE,IAAA;QAAA;UAAAhB,UAAA,GACXF,GAAG,CAACmB,KAAK,EAAAhB,eAAA,GAAAD,UAAA,CAAlCE,IAAI,EAAJA,IAAI,GAAAD,eAAA,cAAG,CAAC,GAAAA,eAAA,EAAAE,gBAAA,GAAAH,UAAA,CAAEI,KAAK,EAALA,KAAK,GAAAD,gBAAA,cAAG,EAAE,GAAAA,gBAAA,EAAgB;UACT;UAEjC;UAAAE,KAAA,GAFgB,CAAC,CAACH,IAAI,EAAE,CAACE,KAAK,CAAC;UAA9BF,IAAI,GAAAG,KAAA;UAAED,KAAK,GAAAC,KAAA;UAAAS,QAAA,CAAAE,IAAA;UAAA,OAG2BE,OAAO,CAACC,GAAG,CAAC,CACjDC,uBAAW,CAACC,sBAAsB,CAAC,CAAC,EACpCD,uBAAW,CAACE,IAAI,CAAC,CAAC,CAAClB,KAAK,CAACA,KAAK,CAAC,CAACmB,IAAI,CAAC,CAACrB,IAAI,GAAG,CAAC,IAAIE,KAAK,CAAC,CACzD,CAAC;QAAA;UAAAE,kBAAA,GAAAQ,QAAA,CAAAU,IAAA;UAAAjB,mBAAA,OAAAkB,eAAA,aAAAnB,kBAAA;UAHKE,aAAa,GAAAD,mBAAA;UAAEE,OAAO,GAAAF,mBAAA;UAIvBG,WAAW,GAAGgB,IAAI,CAACC,IAAI,CAACnB,aAAa,GAAGJ,KAAK,CAAC,EAAE;UAEtD;UACMO,YAAY,GAAG;YACnBT,IAAI,EAAJA,IAAI;YACJQ,WAAW,EAAXA,WAAW;YACXF,aAAa,EAAbA,aAAa;YACbC,OAAO,EAAPA;UACF,CAAC;UACDV,GAAG,CAAC6B,MAAM,CAAC,GAAG,CAAC,CAACC,IAAI,CAAClB,YAAY,CAAC;QAAC;QAAA;UAAA,OAAAG,QAAA,CAAAgB,IAAA;MAAA;IAAA,GAAAjC,OAAA;EAAA,CACpC;EAAA,iBAAAkC,EAAA,EAAAC,GAAA;IAAA,OAAAvC,IAAA,CAAAwC,KAAA,OAAAC,SAAA;EAAA;AAAA,IAAC,CAAC;;AAEH;AACA;AACA;AACA;AACA;AACA;AACA;AACA;AACA;AACA;AACA;AACA;AACA;AACA;AACA/C,MAAM,CAACI,GAAG,CAAC,wBAAwB,EAAE,IAAAC,+BAAY;EAAA,IAAA2C,KAAA,OAAAzC,kBAAA,2BAAAC,YAAA,YAAAC,IAAA,CAAC,SAAAwC,SAAOtC,GAAG,EAAEC,GAAG;IAAA,IAAAG,IAAA,EAAAmC,MAAA;IAAA,OAAA1C,YAAA,YAAAiB,IAAA,UAAA0B,UAAAC,SAAA;MAAA,kBAAAA,SAAA,CAAAxB,IAAA,GAAAwB,SAAA,CAAAvB,IAAA;QAAA;UAAA,KAC3D1B,KAAK,CAACkD,IAAI,CAAC1C,GAAG,CAAC2C,MAAM,CAACvC,IAAI,CAAC;YAAAqC,SAAA,CAAAvB,IAAA;YAAA;UAAA;UACvBd,IAAI,GAAGwC,QAAQ,CAAC5C,GAAG,CAAC2C,MAAM,CAACvC,IAAI,CAAC;UAAAqC,SAAA,CAAAvB,IAAA;UAAA,OACjB,IAAA2B,kBAAS,EAACzC,IAAI,CAAC;QAAA;UAA9BmC,MAAM,GAAAE,SAAA,CAAAf,IAAA;UACZzB,GAAG,CAAC6B,MAAM,CAAC,GAAG,CAAC,CAACC,IAAI,CAACQ,MAAM,CAAC;UAACE,SAAA,CAAAvB,IAAA;UAAA;QAAA;UAG7BjB,GAAG,CAAC6B,MAAM,CAAC,GAAG,CAAC,CAACC,IAAI,CAAC;YAAEe,OAAO,EAAE,oBAAoB;YAAEC,WAAW,EAAE;UAAI,CAAC,CAAC;QAAA;QAAA;UAAA,OAAAN,SAAA,CAAAT,IAAA;MAAA;IAAA,GAAAM,QAAA;EAAA,CAE5E;EAAA,iBAAAU,GAAA,EAAAC,GAAA;IAAA,OAAAZ,KAAA,CAAAF,KAAA,OAAAC,SAAA;EAAA;AAAA,IAAC,CAAC;;AAEH;AACA;AACA;AACA;AACA;AACA;AACA;AACA;AACA;AACA;AACA;AACA;AACA;AACA;AACA/C,MAAM,CAACI,GAAG,CAAC,WAAW,EAAE,IAAAC,+BAAY;EAAA,IAAAwD,KAAA,OAAAtD,kBAAA,2BAAAC,YAAA,YAAAC,IAAA,CAAC,SAAAqD,SAAOnD,GAAG,EAAEC,GAAG;IAAA,IAAAmD,EAAA,EAAAC,MAAA;IAAA,OAAAxD,YAAA,YAAAiB,IAAA,UAAAwC,UAAAC,SAAA;MAAA,kBAAAA,SAAA,CAAAtC,IAAA,GAAAsC,SAAA,CAAArC,IAAA;QAAA;UAC1CkC,EAAE,GAAGR,QAAQ,CAAC5C,GAAG,CAAC2C,MAAM,CAACS,EAAE,CAAC;UAAAG,SAAA,CAAArC,IAAA;UAAA,OACb,IAAAsC,kBAAS,EAACJ,EAAE,CAAC;QAAA;UAA5BC,MAAM,GAAAE,SAAA,CAAA7B,IAAA;UACZzB,GAAG,CAAC6B,MAAM,CAAC,GAAG,CAAC,CAACC,IAAI,CAACsB,MAAM,CAAC;QAAC;QAAA;UAAA,OAAAE,SAAA,CAAAvB,IAAA;MAAA;IAAA,GAAAmB,QAAA;EAAA,CAChC;EAAA,iBAAAM,GAAA,EAAAC,GAAA;IAAA,OAAAR,KAAA,CAAAf,KAAA,OAAAC,SAAA;EAAA;AAAA,IAAC,CAAC;;AAEH;AACA;AACA;AACA;AACA;AACA;AACA;AACA;AACA;AACA;AACA;AACA;AACA;AACA;AACA/C,MAAM,CAACI,GAAG,CAAC,8BAA8B,EAAE,IAAAC,+BAAY;EAAA,IAAAiE,KAAA,OAAA/D,kBAAA,2BAAAC,YAAA,YAAAC,IAAA,CAAC,SAAA8D,SAAO5D,GAAG,EAAEC,GAAG;IAAA,IAAAmD,EAAA,EAAAS,kBAAA;IAAA,OAAAhE,YAAA,YAAAiB,IAAA,UAAAgD,UAAAC,SAAA;MAAA,kBAAAA,SAAA,CAAA9C,IAAA,GAAA8C,SAAA,CAAA7C,IAAA;QAAA;UAAA,KACjE1B,KAAK,CAACkD,IAAI,CAAC1C,GAAG,CAAC2C,MAAM,CAACS,EAAE,CAAC;YAAAW,SAAA,CAAA7C,IAAA;YAAA;UAAA;UACvBkC,EAAE,GAAGR,QAAQ,CAAC5C,GAAG,CAAC2C,MAAM,CAACS,EAAE,CAAC;UAAAW,SAAA,CAAA7C,IAAA;UAAA,OACD,IAAA8C,8BAAqB,EAACZ,EAAE,CAAC;QAAA;UAApDS,kBAAkB,GAAAE,SAAA,CAAArC,IAAA;UACxBzB,GAAG,CAAC6B,MAAM,CAAC,GAAG,CAAC,CAACC,IAAI,CAAC8B,kBAAkB,CAAC;UAACE,SAAA,CAAA7C,IAAA;UAAA;QAAA;UACvCjB,GAAG,CAAC6B,MAAM,CAAC,GAAG,CAAC,CAACC,IAAI,CAAC;YAAEe,OAAO,EAAE,oBAAoB;YAAEC,WAAW,EAAE;UAAI,CAAC,CAAC;QAAA;QAAA;UAAA,OAAAgB,SAAA,CAAA/B,IAAA;MAAA;IAAA,GAAA4B,QAAA;EAAA,CAE5E;EAAA,iBAAAK,GAAA,EAAAC,GAAA;IAAA,OAAAP,KAAA,CAAAxB,KAAA,OAAAC,SAAA;EAAA;AAAA,IAAC,CAAC;;AAEH;AACA;AACA;AACA;AACA;AACA;AACA;AACA;AACA;AACA;AACA;AACA;AACA;AACA;AACA/C,MAAM,CAACI,GAAG,CAAC,wBAAwB,EAAE,IAAAC,+BAAY;EAAA,IAAAyE,KAAA,OAAAvE,kBAAA,2BAAAC,YAAA,YAAAC,IAAA,CAAC,SAAAsE,SAAOpE,GAAG,EAAEC,GAAG;IAAA,IAAAmD,EAAA,EAAAiB,YAAA;IAAA,OAAAxE,YAAA,YAAAiB,IAAA,UAAAwD,UAAAC,SAAA;MAAA,kBAAAA,SAAA,CAAAtD,IAAA,GAAAsD,SAAA,CAAArD,IAAA;QAAA;UAAA,KAC3D1B,KAAK,CAACkD,IAAI,CAAC1C,GAAG,CAAC2C,MAAM,CAACS,EAAE,CAAC;YAAAmB,SAAA,CAAArD,IAAA;YAAA;UAAA;UACrBkC,EAAE,GAAGR,QAAQ,CAAC5C,GAAG,CAAC2C,MAAM,CAACS,EAAE,CAAC;UAAAmB,SAAA,CAAArD,IAAA;UAAA,OACP,IAAAsD,wBAAe,EAACpB,EAAE,CAAC;QAAA;UAAxCiB,YAAY,GAAAE,SAAA,CAAA7C,IAAA;UAClBzB,GAAG,CAAC6B,MAAM,CAAC,GAAG,CAAC,CAACC,IAAI,CAACsC,YAAY,CAAC;UAACE,SAAA,CAAArD,IAAA;UAAA;QAAA;UAEnCjB,GAAG,CAAC6B,MAAM,CAAC,GAAG,CAAC,CAACC,IAAI,CAAC;YAAEe,OAAO,EAAE,oBAAoB;YAAEC,WAAW,EAAE;UAAI,CAAC,CAAC;QAAA;QAAA;UAAA,OAAAwB,SAAA,CAAAvC,IAAA;MAAA;IAAA,GAAAoC,QAAA;EAAA,CAE5E;EAAA,iBAAAK,GAAA,EAAAC,IAAA;IAAA,OAAAP,KAAA,CAAAhC,KAAA,OAAAC,SAAA;EAAA;AAAA,IAAC,CAAC;AAAC,IAAAuC,QAAA,GAAAC,OAAA,cAEWvF,MAAM"},"_coverageSchema":"1a1c01bbd47fc00a2c39e90264f33305004495a9","hash":"c61b99d49f5493b1dfc87c3ee53ad0797e716e62","contentHash":"d59879feaacdc20ae0b1a87febada6d4c918e8bd5a8d131424c1534d6da9866a"},"D:\\大四\\movies-api-CA2\\movies-api-cicd\\authenticate\\index.js":{"path":"D:\\大四\\movies-api-CA2\\movies-api-cicd\\authenticate\\index.js","statementMap":{"0":{"start":{"line":3,"column":29},"end":{"line":3,"column":84}},"1":{"start":{"line":4,"column":0},"end":{"line":6,"column":3}},"2":{"start":{"line":7,"column":0},"end":{"line":7,"column":28}},"3":{"start":{"line":8,"column":19},"end":{"line":8,"column":80}},"4":{"start":{"line":9,"column":25},"end":{"line":9,"column":99}},"5":{"start":{"line":10,"column":16},"end":{"line":10,"column":59}},"6":{"start":{"line":11,"column":19},"end":{"line":11,"column":66}},"7":{"start":{"line":12,"column":17},"end":{"line":12,"column":76}},"8":{"start":{"line":13,"column":14},"end":{"line":13,"column":55}},"9":{"start":{"line":14,"column":0},"end":{"line":14,"column":28}},"10":{"start":{"line":15,"column":18},"end":{"line":15,"column":50}},"11":{"start":{"line":16,"column":17},"end":{"line":16,"column":51}},"12":{"start":{"line":17,"column":17},"end":{"line":17,"column":19}},"13":{"start":{"line":18,"column":0},"end":{"line":18,"column":69}},"14":{"start":{"line":19,"column":0},"end":{"line":19,"column":44}},"15":{"start":{"line":20,"column":15},"end":{"line":44,"column":4}},"16":{"start":{"line":21,"column":13},"end":{"line":40,"column":5}},"17":{"start":{"line":23,"column":4},"end":{"line":39,"column":16}},"18":{"start":{"line":24,"column":6},"end":{"line":38,"column":7}},"19":{"start":{"line":24,"column":16},"end":{"line":38,"column":7}},"20":{"start":{"line":26,"column":10},"end":{"line":26,"column":28}},"21":{"start":{"line":27,"column":10},"end":{"line":27,"column":63}},"22":{"start":{"line":29,"column":10},"end":{"line":29,"column":31}},"23":{"start":{"line":30,"column":10},"end":{"line":34,"column":11}},"24":{"start":{"line":31,"column":12},"end":{"line":31,"column":29}},"25":{"start":{"line":33,"column":12},"end":{"line":33,"column":30}},"26":{"start":{"line":37,"column":10},"end":{"line":37,"column":33}},"27":{"start":{"line":41,"column":2},"end":{"line":43,"column":4}},"28":{"start":{"line":42,"column":4},"end":{"line":42,"column":39}},"29":{"start":{"line":45,"column":0},"end":{"line":45,"column":35}},"30":{"start":{"line":46,"column":15},"end":{"line":46,"column":56}}},"fnMap":{"0":{"name":"(anonymous_0)","decl":{"start":{"line":20,"column":56},"end":{"line":20,"column":57}},"loc":{"start":{"line":20,"column":68},"end":{"line":44,"column":1}},"line":20},"1":{"name":"_callee","decl":{"start":{"line":21,"column":100},"end":{"line":21,"column":107}},"loc":{"start":{"line":21,"column":123},"end":{"line":40,"column":3}},"line":21},"2":{"name":"_callee$","decl":{"start":{"line":23,"column":49},"end":{"line":23,"column":57}},"loc":{"start":{"line":23,"column":68},"end":{"line":39,"column":5}},"line":23},"3":{"name":"(anonymous_3)","decl":{"start":{"line":41,"column":9},"end":{"line":41,"column":10}},"loc":{"start":{"line":41,"column":28},"end":{"line":43,"column":3}},"line":41}},"branchMap":{"0":{"loc":{"start":{"line":24,"column":16},"end":{"line":38,"column":7}},"type":"switch","locations":[{"start":{"line":25,"column":8},"end":{"line":27,"column":63}},{"start":{"line":28,"column":8},"end":{"line":34,"column":11}},{"start":{"line":35,"column":8},"end":{"line":35,"column":15}},{"start":{"line":36,"column":8},"end":{"line":37,"column":33}}],"line":24},"1":{"loc":{"start":{"line":30,"column":10},"end":{"line":34,"column":11}},"type":"if","locations":[{"start":{"line":30,"column":10},"end":{"line":34,"column":11}},{"start":{"line":30,"column":10},"end":{"line":34,"column":11}}],"line":30}},"s":{"0":1,"1":1,"2":1,"3":1,"4":1,"5":1,"6":1,"7":1,"8":1,"9":1,"10":1,"11":1,"12":1,"13":1,"14":1,"15":1,"16":1,"17":0,"18":0,"19":0,"20":0,"21":0,"22":0,"23":0,"24":0,"25":0,"26":0,"27":1,"28":0,"29":1,"30":1},"f":{"0":1,"1":0,"2":0,"3":0},"b":{"0":[0,0,0,0],"1":[0,0]},"inputSourceMap":{"version":3,"names":["_passport","_interopRequireDefault","require","_passportJwt","_userModel","_dotenv","dotenv","config","JWTStrategy","passportJWT","Strategy","ExtractJWT","ExtractJwt","jwtOptions","jwtFromRequest","fromAuthHeaderAsBearerToken","secretOrKey","process","env","SECRET","strategy","_ref","_asyncToGenerator2","_regenerator","mark","_callee","payload","next","user","wrap","_callee$","_context","prev","UserModel","findByUserName","sent","stop","_x","_x2","apply","arguments","passport","use","_default","exports"],"sourceRoot":"D:\\大四\\movies-api-CA2\\movies-api-cicd\\authenticate\\","sources":["index.js"],"sourcesContent":["import passport from 'passport';\nimport passportJWT from 'passport-jwt';\nimport UserModel from './../api/users/userModel';\nimport dotenv from 'dotenv';\n\ndotenv.config();\n\nconst JWTStrategy = passportJWT.Strategy;\nconst ExtractJWT = passportJWT.ExtractJwt;\n\nlet jwtOptions = {};\njwtOptions.jwtFromRequest = ExtractJWT.fromAuthHeaderAsBearerToken();\njwtOptions.secretOrKey = process.env.SECRET;\nconst strategy = new JWTStrategy(jwtOptions, async (payload, next) => {\n  const user = await UserModel.findByUserName(payload);\n  if (user) {\n    next(null, user);\n  } else {\n    next(null, false);\n  }\n});\npassport.use(strategy);\n\nexport default passport;"],"mappings":";;;;;;;;;AAAA,IAAAA,SAAA,GAAAC,sBAAA,CAAAC,OAAA;AACA,IAAAC,YAAA,GAAAF,sBAAA,CAAAC,OAAA;AACA,IAAAE,UAAA,GAAAH,sBAAA,CAAAC,OAAA;AACA,IAAAG,OAAA,GAAAJ,sBAAA,CAAAC,OAAA;AAEAI,kBAAM,CAACC,MAAM,CAAC,CAAC;AAEf,IAAMC,WAAW,GAAGC,uBAAW,CAACC,QAAQ;AACxC,IAAMC,UAAU,GAAGF,uBAAW,CAACG,UAAU;AAEzC,IAAIC,UAAU,GAAG,CAAC,CAAC;AACnBA,UAAU,CAACC,cAAc,GAAGH,UAAU,CAACI,2BAA2B,CAAC,CAAC;AACpEF,UAAU,CAACG,WAAW,GAAGC,OAAO,CAACC,GAAG,CAACC,MAAM;AAC3C,IAAMC,QAAQ,GAAG,IAAIZ,WAAW,CAACK,UAAU;EAAA,IAAAQ,IAAA,OAAAC,kBAAA,2BAAAC,YAAA,YAAAC,IAAA,CAAE,SAAAC,QAAOC,OAAO,EAAEC,IAAI;IAAA,IAAAC,IAAA;IAAA,OAAAL,YAAA,YAAAM,IAAA,UAAAC,SAAAC,QAAA;MAAA,kBAAAA,QAAA,CAAAC,IAAA,GAAAD,QAAA,CAAAJ,IAAA;QAAA;UAAAI,QAAA,CAAAJ,IAAA;UAAA,OAC5CM,qBAAS,CAACC,cAAc,CAACR,OAAO,CAAC;QAAA;UAA9CE,IAAI,GAAAG,QAAA,CAAAI,IAAA;UACV,IAAIP,IAAI,EAAE;YACRD,IAAI,CAAC,IAAI,EAAEC,IAAI,CAAC;UAClB,CAAC,MAAM;YACLD,IAAI,CAAC,IAAI,EAAE,KAAK,CAAC;UACnB;QAAC;QAAA;UAAA,OAAAI,QAAA,CAAAK,IAAA;MAAA;IAAA,GAAAX,OAAA;EAAA,CACF;EAAA,iBAAAY,EAAA,EAAAC,GAAA;IAAA,OAAAjB,IAAA,CAAAkB,KAAA,OAAAC,SAAA;EAAA;AAAA,IAAC;AACFC,oBAAQ,CAACC,GAAG,CAACtB,QAAQ,CAAC;AAAC,IAAAuB,QAAA,GAAAC,OAAA,cAERH,oBAAQ"},"_coverageSchema":"1a1c01bbd47fc00a2c39e90264f33305004495a9","hash":"79ef56c5a3501b733942570a2eb64ad45dc080ef","contentHash":"ea4374e206ae64fd2d6dd3d4f6b7a2e403599e2d63cd803980b06762c510c7b1"}}